[0.142s] Invoking command in '/home/adi/hum_rob_ws/build/six_dof': CMAKE_PREFIX_PATH=${CMAKE_PREFIX_PATH}:/opt/ros/humble /usr/bin/cmake --build /home/adi/hum_rob_ws/build/six_dof -- -j16 -l16
[0.210s] -- Found ament_cmake: 1.3.7 (/opt/ros/humble/share/ament_cmake/cmake)
[0.547s] -- Found Python3: /usr/bin/python3.10 (found version "3.10.12") found components: Interpreter 
[0.672s] -- Override CMake install command with custom implementation using symlinks instead of copying resources
[0.689s] -- Found rclcpp: 16.0.8 (/opt/ros/humble/share/rclcpp/cmake)
[0.763s] -- Found rosidl_generator_c: 3.1.5 (/opt/ros/humble/share/rosidl_generator_c/cmake)
[0.767s] -- Found rosidl_adapter: 3.1.5 (/opt/ros/humble/share/rosidl_adapter/cmake)
[0.775s] -- Found rosidl_generator_cpp: 3.1.5 (/opt/ros/humble/share/rosidl_generator_cpp/cmake)
[0.791s] -- Using all available rosidl_typesupport_c: rosidl_typesupport_fastrtps_c;rosidl_typesupport_introspection_c
[0.813s] -- Using all available rosidl_typesupport_cpp: rosidl_typesupport_fastrtps_cpp;rosidl_typesupport_introspection_cpp
[0.893s] -- Found rmw_implementation_cmake: 6.1.1 (/opt/ros/humble/share/rmw_implementation_cmake/cmake)
[0.895s] -- Found rmw_fastrtps_cpp: 6.2.6 (/opt/ros/humble/share/rmw_fastrtps_cpp/cmake)
[1.112s] -- Using RMW implementation 'rmw_fastrtps_cpp' as default
[1.332s] -- Found rclpy: 3.3.11 (/opt/ros/humble/share/rclpy/cmake)
[1.333s] -- pinocchio FOUND. pinocchio at /opt/ros/humble/lib/x86_64-linux-gnu/libpinocchio.so
[1.334s] -- boost_filesystem FOUND. boost_filesystem at /lib/x86_64-linux-gnu/libboost_filesystem.so
[1.334s] -- boost_serialization FOUND. boost_serialization at /lib/x86_64-linux-gnu/libboost_serialization.so
[1.335s] -- boost_system FOUND. boost_system at /lib/x86_64-linux-gnu/libboost_system.so
[1.347s] -- Found Boost: /usr/include (found version "1.74.0") found components: filesystem serialization system 
[1.348s] -- eigenpy FOUND. eigenpy at /opt/ros/humble/lib/x86_64-linux-gnu/libeigenpy.so
[2.084s] -- Found Python3: /usr/bin/python3.10 (found version "3.10.12") found components: Interpreter Development.Module NumPy 
[2.085s] -- PythonLibraryDirs: 
[2.086s] -- PythonLibVersionString: 3.10.12
[2.200s] -- Python site lib: lib/python3.10/dist-packages
[2.200s] -- Python include dirs: /usr/include/python3.10
[2.431s] -- Checking for NumPy
[2.633s] --   NUMPY_INCLUDE_DIRS=/usr/lib/python3/dist-packages/numpy/core/include
[2.837s] --   NUMPY_VERSION=1.21.5
[2.838s] -- NumPy include dir: /usr/lib/python3/dist-packages/numpy/core/include
[2.850s] [33mCMake Warning at /usr/share/cmake-3.22/Modules/FindBoost.cmake:2201 (message):
[2.850s]   No header defined for python310; skipping header check (note: header-only
[2.850s]   libraries have no designated component)
[2.850s] Call Stack (most recent call first):
[2.850s]   /opt/ros/humble/lib/x86_64-linux-gnu/cmake/eigenpy/boost.cmake:144 (find_package)
[2.850s]   /opt/ros/humble/lib/x86_64-linux-gnu/cmake/eigenpy/eigenpyConfig.cmake:149 (SEARCH_FOR_BOOST_PYTHON)
[2.851s]   /usr/share/cmake-3.22/Modules/CMakeFindDependencyMacro.cmake:47 (find_package)
[2.851s]   /opt/ros/humble/lib/x86_64-linux-gnu/cmake/pinocchio/pinocchioConfig.cmake:160 (find_dependency)
[2.851s]   CMakeLists.txt:12 (find_package)
[2.851s] 
[2.851s] [0m
[2.852s] -- Found Boost: /usr/include (found version "1.74.0") found components: python310 
[2.852s] -- Boost_PYTHON_LIBRARY: /usr/lib/x86_64-linux-gnu/libboost_python310.so
[3.355s] -- Default C++ standard: 201703
[3.356s] -- C++ standard sufficient: Minimal required 11, currently defined: 17
[3.356s] -- CMAKE_CXX_STANDARD was not set: automatically set to currently defined standard 17
[3.357s] -- hpp-fcl FOUND. hpp-fcl at /opt/ros/humble/lib/x86_64-linux-gnu/libhpp-fcl.so
[3.365s] -- Found Boost: /usr/include (found version "1.74.0") found components: chrono serialization 
[3.367s] -- C++ standard sufficient: Minimal required 11, currently defined: 17
[3.368s] -- C++ standard sufficient: Minimal required 11, currently defined: 17
[3.368s] -- Pinocchio found at: /opt/ros/humble/include
[3.369s] -- Found ament_lint_auto: 0.12.10 (/opt/ros/humble/share/ament_lint_auto/cmake)
[3.536s] -- Added test 'cppcheck' to perform static code analysis on C / C++ code
[3.536s] -- Configured cppcheck include dirs: 
[3.536s] -- Configured cppcheck exclude dirs and/or files: 
[3.536s] -- Added test 'flake8' to check Python code syntax and style conventions
[3.537s] -- Added test 'lint_cmake' to check CMake code style
[3.538s] -- Added test 'pep257' to check Python code against some of the docstring style conventions in PEP 257
[3.542s] -- Added test 'uncrustify' to check C / C++ code style
[3.543s] -- Configured uncrustify additional arguments: 
[3.543s] -- Added test 'xmllint' to check XML markup files
[3.545s] -- Configuring done
[3.560s] -- Generating done
[3.563s] -- Build files have been written to: /home/adi/hum_rob_ws/build/six_dof
[3.620s] [35m[1mConsolidate compiler generated dependencies of target test_node[0m
[3.687s] [ 50%] [32mBuilding CXX object CMakeFiles/test_node.dir/src/IK_test.cpp.o[0m
[3.794s] In file included from [01m[K/opt/ros/humble/include/pinocchio/fwd.hpp:23[m[K,
[3.794s]                  from [01m[K/home/adi/hum_rob_ws/src/six_dof/src/IK_test.cpp:1[m[K:
[3.794s] [01m[K/opt/ros/humble/include/pinocchio/utils/cast.hpp:8:10:[m[K [01;31m[Kfatal error: [m[KEigen/Core: No such file or directory
[3.794s]     8 | #include [01;31m[K<Eigen/Core>[m[K
[3.794s]       |          [01;31m[K^~~~~~~~~~~~[m[K
[3.795s] compilation terminated.
[3.796s] gmake[2]: *** [CMakeFiles/test_node.dir/build.make:76: CMakeFiles/test_node.dir/src/IK_test.cpp.o] Error 1
[3.797s] gmake[1]: *** [CMakeFiles/Makefile2:137: CMakeFiles/test_node.dir/all] Error 2
[3.798s] gmake: *** [Makefile:146: all] Error 2
[3.803s] Invoked command in '/home/adi/hum_rob_ws/build/six_dof' returned '2': CMAKE_PREFIX_PATH=${CMAKE_PREFIX_PATH}:/opt/ros/humble /usr/bin/cmake --build /home/adi/hum_rob_ws/build/six_dof -- -j16 -l16
