[0.036s] Invoking command in '/home/adi/hum_rob_ws/build/six_dof': /usr/bin/cmake --build /home/adi/hum_rob_ws/build/six_dof -- -j16 -l16
[0.075s] -- Found ament_cmake: 1.3.7 (/opt/ros/humble/share/ament_cmake/cmake)
[0.347s] -- Found Python3: /usr/bin/python3.10 (found version "3.10.12") found components: Interpreter 
[0.423s] Traceback (most recent call last):
[0.423s]   File "/opt/ros/humble/share/ament_cmake_core/cmake/package_templates/templates_2_cmake.py", line 21, in <module>
[0.423s]     from ament_package.templates import get_environment_hook_template_path
[0.423s] ModuleNotFoundError: No module named 'ament_package'
[0.437s] [31mCMake Error at /opt/ros/humble/share/ament_cmake_core/cmake/ament_cmake_package_templates-extras.cmake:41 (message):
[0.437s]   execute_process(/usr/bin/python3.10
[0.437s]   /opt/ros/humble/share/ament_cmake_core/cmake/package_templates/templates_2_cmake.py
[0.437s]   /home/adi/hum_rob_ws/build/six_dof/ament_cmake_package_templates/templates.cmake)
[0.437s]   returned error code 1
[0.437s] Call Stack (most recent call first):
[0.438s]   /opt/ros/humble/share/ament_cmake_core/cmake/ament_cmake_coreConfig.cmake:41 (include)
[0.438s]   /opt/ros/humble/share/ament_cmake/cmake/ament_cmake_export_dependencies-extras.cmake:15 (find_package)
[0.438s]   /opt/ros/humble/share/ament_cmake/cmake/ament_cmakeConfig.cmake:41 (include)
[0.438s]   CMakeLists.txt:9 (find_package)
[0.438s] 
[0.438s] [0m
[0.438s] -- Configuring incomplete, errors occurred!
[0.438s] See also "/home/adi/hum_rob_ws/build/six_dof/CMakeFiles/CMakeOutput.log".
[0.442s] gmake: *** [Makefile:267: cmake_check_build_system] Error 1
[0.448s] Invoked command in '/home/adi/hum_rob_ws/build/six_dof' returned '2': /usr/bin/cmake --build /home/adi/hum_rob_ws/build/six_dof -- -j16 -l16
