[0.037s] Invoking command in '/home/adi/hum_rob_ws/build/six_dof': /usr/bin/cmake --build /home/adi/hum_rob_ws/build/six_dof -- -j16 -l16
[0.165s] [ 50%] [32mBuilding CXX object CMakeFiles/test_node.dir/src/IK_test.cpp.o[0m
[0.262s] In file included from [01m[K/opt/ros/humble/include/pinocchio/fwd.hpp:23[m[K,
[0.263s]                  from [01m[K/home/adi/hum_rob_ws/src/six_dof/src/IK_test.cpp:1[m[K:
[0.263s] [01m[K/opt/ros/humble/include/pinocchio/utils/cast.hpp:8:10:[m[K [01;31m[Kfatal error: [m[KEigen/Core: No such file or directory
[0.263s]     8 | #include [01;31m[K<Eigen/Core>[m[K
[0.263s]       |          [01;31m[K^~~~~~~~~~~~[m[K
[0.263s] compilation terminated.
[0.264s] gmake[2]: *** [CMakeFiles/test_node.dir/build.make:76: CMakeFiles/test_node.dir/src/IK_test.cpp.o] Error 1
[0.265s] gmake[1]: *** [CMakeFiles/Makefile2:137: CMakeFiles/test_node.dir/all] Error 2
[0.265s] gmake: *** [Makefile:146: all] Error 2
[0.268s] Invoked command in '/home/adi/hum_rob_ws/build/six_dof' returned '2': /usr/bin/cmake --build /home/adi/hum_rob_ws/build/six_dof -- -j16 -l16
