[01m[K/home/adi/hum_rob_ws/src/six_dof/src/IK_test.cpp:[m[K In function â€˜[01m[Kint main(int, char**)[m[Kâ€™:
[01m[K/home/adi/hum_rob_ws/src/six_dof/src/IK_test.cpp:99:5:[m[K [01;31m[Kerror: [m[Kâ€˜[01m[KcomputeCollisions[m[Kâ€™ was not declared in this scope
   99 |     [01;31m[KcomputeCollisions[m[K(model,data,collision_model,collision_data,q,false);
      |     [01;31m[K^~~~~~~~~~~~~~~~~[m[K
[01m[K/home/adi/hum_rob_ws/src/six_dof/src/IK_test.cpp:17:14:[m[K [01;35m[Kwarning: [m[Kunused parameter â€˜[01m[Kargc[m[Kâ€™ [[01;35m[K]8;;https://gcc.gnu.org/onlinedocs/gcc/Warning-Options.html#index-Wunused-parameter-Wunused-parameter]8;;[m[K]
   17 | int main([01;35m[Kint argc[m[K, char *argv[]) {
      |          [01;35m[K~~~~^~~~[m[K
[01m[K/home/adi/hum_rob_ws/src/six_dof/src/IK_test.cpp:17:26:[m[K [01;35m[Kwarning: [m[Kunused parameter â€˜[01m[Kargv[m[Kâ€™ [[01;35m[K]8;;https://gcc.gnu.org/onlinedocs/gcc/Warning-Options.html#index-Wunused-parameter-Wunused-parameter]8;;[m[K]
   17 | int main(int argc, [01;35m[Kchar *argv[][m[K) {
      |                    [01;35m[K~~~~~~^~~~~~[m[K
gmake[2]: *** [CMakeFiles/test_node.dir/build.make:76: CMakeFiles/test_node.dir/src/IK_test.cpp.o] Error 1
gmake[1]: *** [CMakeFiles/Makefile2:137: CMakeFiles/test_node.dir/all] Error 2
gmake: *** [Makefile:146: all] Error 2
