[0.076s] Invoking command in '/home/adi/hum_rob_ws/build/six_dof': CMAKE_PREFIX_PATH=/opt/ros/humble /usr/bin/cmake --build /home/adi/hum_rob_ws/build/six_dof -- -j16 -l16
[0.169s] [35m[1mConsolidate compiler generated dependencies of target test_node[0m
[0.213s] [ 50%] [32mBuilding CXX object CMakeFiles/test_node.dir/src/IK_test.cpp.o[0m
[3.675s] [01m[K/home/adi/hum_rob_ws/src/six_dof/src/IK_test.cpp:[m[K In function â€˜[01m[Kint main(int, char**)[m[Kâ€™:
[3.675s] [01m[K/home/adi/hum_rob_ws/src/six_dof/src/IK_test.cpp:96:5:[m[K [01;31m[Kerror: [m[Kâ€˜[01m[KcomputeCollisions[m[Kâ€™ was not declared in this scope
[3.675s]    96 |     [01;31m[KcomputeCollisions[m[K(model,data,collision_model,collision_data,q,false);
[3.675s]       |     [01;31m[K^~~~~~~~~~~~~~~~~[m[K
[3.678s] [01m[K/home/adi/hum_rob_ws/src/six_dof/src/IK_test.cpp:98:5:[m[K [01;31m[Kerror: [m[Kâ€˜[01m[Kcomp[m[Kâ€™ was not declared in this scope
[3.678s]    98 |     [01;31m[Kcomp[m[K
[3.678s]       |     [01;31m[K^~~~[m[K
[3.694s] [01m[K/home/adi/hum_rob_ws/src/six_dof/src/IK_test.cpp:17:14:[m[K [01;35m[Kwarning: [m[Kunused parameter â€˜[01m[Kargc[m[Kâ€™ [[01;35m[K]8;;https://gcc.gnu.org/onlinedocs/gcc/Warning-Options.html#index-Wunused-parameter-Wunused-parameter]8;;[m[K]
[3.694s]    17 | int main([01;35m[Kint argc[m[K, char *argv[]) {
[3.694s]       |          [01;35m[K~~~~^~~~[m[K
[3.694s] [01m[K/home/adi/hum_rob_ws/src/six_dof/src/IK_test.cpp:17:26:[m[K [01;35m[Kwarning: [m[Kunused parameter â€˜[01m[Kargv[m[Kâ€™ [[01;35m[K]8;;https://gcc.gnu.org/onlinedocs/gcc/Warning-Options.html#index-Wunused-parameter-Wunused-parameter]8;;[m[K]
[3.695s]    17 | int main(int argc, [01;35m[Kchar *argv[][m[K) {
[3.695s]       |                    [01;35m[K~~~~~~^~~~~~[m[K
[16.137s] gmake[2]: *** [CMakeFiles/test_node.dir/build.make:76: CMakeFiles/test_node.dir/src/IK_test.cpp.o] Error 1
[16.138s] gmake[1]: *** [CMakeFiles/Makefile2:137: CMakeFiles/test_node.dir/all] Error 2
[16.138s] gmake: *** [Makefile:146: all] Error 2
[16.141s] Invoked command in '/home/adi/hum_rob_ws/build/six_dof' returned '2': CMAKE_PREFIX_PATH=/opt/ros/humble /usr/bin/cmake --build /home/adi/hum_rob_ws/build/six_dof -- -j16 -l16
