[0.091s] Invoking command in '/home/adi/hum_rob_ws/build/six_dof': CMAKE_PREFIX_PATH=${CMAKE_PREFIX_PATH}:/opt/ros/humble /usr/bin/cmake --build /home/adi/hum_rob_ws/build/six_dof -- -j16 -l16
[0.190s] [35m[1mConsolidate compiler generated dependencies of target test_node[0m
[0.250s] [ 50%] [32mBuilding CXX object CMakeFiles/test_node.dir/src/IK_test.cpp.o[0m
[3.631s] [01m[K/home/adi/hum_rob_ws/src/six_dof/src/IK_test.cpp:[m[K In function â€˜[01m[Kint main(int, char**)[m[Kâ€™:
[3.631s] [01m[K/home/adi/hum_rob_ws/src/six_dof/src/IK_test.cpp:51:3:[m[K [01;31m[Kerror: [m[Kâ€˜[01m[KupdateGeometryPlacements[m[Kâ€™ was not declared in this scope
[3.632s]    51 |   [01;31m[KupdateGeometryPlacements[m[K(model, data, collision_model, collision_data);
[3.632s]       |   [01;31m[K^~~~~~~~~~~~~~~~~~~~~~~~[m[K
[3.641s] [01m[K/home/adi/hum_rob_ws/src/six_dof/src/IK_test.cpp:18:14:[m[K [01;35m[Kwarning: [m[Kunused parameter â€˜[01m[Kargc[m[Kâ€™ [[01;35m[K]8;;https://gcc.gnu.org/onlinedocs/gcc/Warning-Options.html#index-Wunused-parameter-Wunused-parameter]8;;[m[K]
[3.641s]    18 | int main([01;35m[Kint argc[m[K, char *argv[]) {
[3.641s]       |          [01;35m[K~~~~^~~~[m[K
[3.641s] [01m[K/home/adi/hum_rob_ws/src/six_dof/src/IK_test.cpp:18:26:[m[K [01;35m[Kwarning: [m[Kunused parameter â€˜[01m[Kargv[m[Kâ€™ [[01;35m[K]8;;https://gcc.gnu.org/onlinedocs/gcc/Warning-Options.html#index-Wunused-parameter-Wunused-parameter]8;;[m[K]
[3.642s]    18 | int main(int argc, [01;35m[Kchar *argv[][m[K) {
[3.642s]       |                    [01;35m[K~~~~~~^~~~~~[m[K
[3.824s] [01m[K/home/adi/hum_rob_ws/src/six_dof/src/IK_test.cpp:[m[K At global scope:
[3.824s] [01m[K/home/adi/hum_rob_ws/src/six_dof/src/IK_test.cpp:79:6:[m[K [01;31m[Kerror: [m[Kâ€˜[01m[Kcout[m[Kâ€™ in namespace â€˜[01m[Kstd[m[Kâ€™ does not name a type
[3.824s]    79 | std::[01;31m[Kcout[m[K << "test_node running\n";
[3.824s]       |      [01;31m[K^~~~[m[K
[3.824s] In file included from [01m[K/opt/ros/humble/include/pinocchio/spatial/inertia.hpp:9[m[K,
[3.825s]                  from [01m[K/opt/ros/humble/include/pinocchio/multibody/model.hpp:13[m[K,
[3.825s]                  from [01m[K/opt/ros/humble/include/pinocchio/algorithm/jacobian.hpp:9[m[K,
[3.825s]                  from [01m[K/home/adi/hum_rob_ws/src/six_dof/src/IK_test.cpp:1[m[K:
[3.825s] [01m[K/usr/include/c++/11/iostream:61:18:[m[K [01;36m[Knote: [m[Kâ€˜[01m[Kstd::cout[m[Kâ€™ declared here
[3.825s]    61 |   extern ostream [01;36m[Kcout[m[K;          /// Linked to standard output
[3.825s]       |                  [01;36m[K^~~~[m[K
[3.825s] [01m[K/home/adi/hum_rob_ws/src/six_dof/src/IK_test.cpp:80:1:[m[K [01;31m[Kerror: [m[Kexpected unqualified-id before â€˜[01m[Kreturn[m[Kâ€™
[3.825s]    80 | [01;31m[Kreturn[m[K 0;
[3.825s]       | [01;31m[K^~~~~~[m[K
[3.825s] [01m[K/home/adi/hum_rob_ws/src/six_dof/src/IK_test.cpp:81:1:[m[K [01;31m[Kerror: [m[Kexpected declaration before â€˜[01m[K}[m[Kâ€™ token
[3.826s]    81 | [01;31m[K}[m[K
[3.826s]       | [01;31m[K^[m[K
[9.847s] gmake[2]: *** [CMakeFiles/test_node.dir/build.make:76: CMakeFiles/test_node.dir/src/IK_test.cpp.o] Error 1
[9.848s] gmake[1]: *** [CMakeFiles/Makefile2:137: CMakeFiles/test_node.dir/all] Error 2
[9.849s] gmake: *** [Makefile:146: all] Error 2
[9.855s] Invoked command in '/home/adi/hum_rob_ws/build/six_dof' returned '2': CMAKE_PREFIX_PATH=${CMAKE_PREFIX_PATH}:/opt/ros/humble /usr/bin/cmake --build /home/adi/hum_rob_ws/build/six_dof -- -j16 -l16
