[0.099s] Invoking command in '/home/adi/hum_rob_ws/build/six_dof': CMAKE_PREFIX_PATH=/opt/ros/humble /usr/bin/cmake --build /home/adi/hum_rob_ws/build/six_dof -- -j16 -l16
[0.203s] [35m[1mConsolidate compiler generated dependencies of target test_node[0m
[0.281s] [ 50%] [32mBuilding CXX object CMakeFiles/test_node.dir/src/IK_test.cpp.o[0m
[3.608s] [01m[K/home/adi/hum_rob_ws/src/six_dof/src/IK_test.cpp:17:5:[m[K [01;35m[Kwarning: [m[Ksecond argument of â€˜[01m[Kint main(int, char)[m[Kâ€™ should be â€˜[01m[Kchar **[m[Kâ€™ [[01;35m[K]8;;https://gcc.gnu.org/onlinedocs/gcc/Warning-Options.html#index-Wmain-Wmain]8;;[m[K]
[3.608s]    17 | int [01;35m[Kmain[m[K(int /*argc*/, char /* *argv[] */) {
[3.608s]       |     [01;35m[K^~~~[m[K
[3.797s] [01m[K/home/adi/hum_rob_ws/src/six_dof/src/IK_test.cpp:[m[K In function â€˜[01m[Kint main(int, char)[m[Kâ€™:
[3.797s] [01m[K/home/adi/hum_rob_ws/src/six_dof/src/IK_test.cpp:99:5:[m[K [01;31m[Kerror: [m[Kâ€˜[01m[KcomputeCollisions[m[Kâ€™ was not declared in this scope
[3.798s]    99 |     [01;31m[KcomputeCollisions[m[K(model,data,collision_model,collision_data,q,false);
[3.798s]       |     [01;31m[K^~~~~~~~~~~~~~~~~[m[K
[16.266s] gmake[2]: *** [CMakeFiles/test_node.dir/build.make:76: CMakeFiles/test_node.dir/src/IK_test.cpp.o] Error 1
[16.267s] gmake[1]: *** [CMakeFiles/Makefile2:137: CMakeFiles/test_node.dir/all] Error 2
[16.267s] gmake: *** [Makefile:146: all] Error 2
[16.272s] Invoked command in '/home/adi/hum_rob_ws/build/six_dof' returned '2': CMAKE_PREFIX_PATH=/opt/ros/humble /usr/bin/cmake --build /home/adi/hum_rob_ws/build/six_dof -- -j16 -l16
