[0.076s] Invoking command in '/home/adi/hum_rob_ws/build/six_dof': CMAKE_PREFIX_PATH=/opt/ros/humble /usr/bin/cmake --build /home/adi/hum_rob_ws/build/six_dof -- -j16 -l16
[0.135s] -- Found ament_cmake: 1.3.7 (/opt/ros/humble/share/ament_cmake/cmake)
[0.415s] -- Found Python3: /usr/bin/python3.10 (found version "3.10.12") found components: Interpreter 
[0.497s] -- Found rclcpp: 16.0.8 (/opt/ros/humble/share/rclcpp/cmake)
[0.567s] -- Found rosidl_generator_c: 3.1.5 (/opt/ros/humble/share/rosidl_generator_c/cmake)
[0.568s] -- Found rosidl_adapter: 3.1.5 (/opt/ros/humble/share/rosidl_adapter/cmake)
[0.573s] -- Found rosidl_generator_cpp: 3.1.5 (/opt/ros/humble/share/rosidl_generator_cpp/cmake)
[0.583s] -- Using all available rosidl_typesupport_c: rosidl_typesupport_fastrtps_c;rosidl_typesupport_introspection_c
[0.596s] -- Using all available rosidl_typesupport_cpp: rosidl_typesupport_fastrtps_cpp;rosidl_typesupport_introspection_cpp
[0.644s] -- Found rmw_implementation_cmake: 6.1.1 (/opt/ros/humble/share/rmw_implementation_cmake/cmake)
[0.645s] -- Found rmw_fastrtps_cpp: 6.2.6 (/opt/ros/humble/share/rmw_fastrtps_cpp/cmake)
[0.777s] -- Using RMW implementation 'rmw_fastrtps_cpp' as default
[0.908s] -- Found rclpy: 3.3.11 (/opt/ros/humble/share/rclpy/cmake)
[0.909s] -- pinocchio FOUND. pinocchio at /opt/ros/humble/lib/x86_64-linux-gnu/libpinocchio.so
[0.909s] -- boost_filesystem FOUND. boost_filesystem at /lib/x86_64-linux-gnu/libboost_filesystem.so
[0.909s] -- boost_serialization FOUND. boost_serialization at /lib/x86_64-linux-gnu/libboost_serialization.so
[0.910s] -- boost_system FOUND. boost_system at /lib/x86_64-linux-gnu/libboost_system.so
[0.917s] -- Found Boost: /usr/include (found version "1.74.0") found components: filesystem serialization system 
[0.917s] -- eigenpy FOUND. eigenpy at /opt/ros/humble/lib/x86_64-linux-gnu/libeigenpy.so
[1.453s] -- Found Python3: /usr/bin/python3.10 (found version "3.10.12") found components: Interpreter Development.Module NumPy 
[1.454s] -- PythonLibraryDirs: 
[1.454s] -- PythonLibVersionString: 3.10.12
[1.547s] -- Python site lib: lib/python3.10/dist-packages
[1.547s] -- Python include dirs: /usr/include/python3.10
[1.727s] -- Checking for NumPy
[1.877s] --   NUMPY_INCLUDE_DIRS=/usr/lib/python3/dist-packages/numpy/core/include
[2.029s] --   NUMPY_VERSION=1.21.5
[2.029s] -- NumPy include dir: /usr/lib/python3/dist-packages/numpy/core/include
[2.037s] [33mCMake Warning at /usr/share/cmake-3.22/Modules/FindBoost.cmake:2201 (message):
[2.037s]   No header defined for python310; skipping header check (note: header-only
[2.038s]   libraries have no designated component)
[2.038s] Call Stack (most recent call first):
[2.038s]   /opt/ros/humble/lib/x86_64-linux-gnu/cmake/eigenpy/boost.cmake:144 (find_package)
[2.038s]   /opt/ros/humble/lib/x86_64-linux-gnu/cmake/eigenpy/eigenpyConfig.cmake:149 (SEARCH_FOR_BOOST_PYTHON)
[2.038s]   /usr/share/cmake-3.22/Modules/CMakeFindDependencyMacro.cmake:47 (find_package)
[2.038s]   /opt/ros/humble/lib/x86_64-linux-gnu/cmake/pinocchio/pinocchioConfig.cmake:160 (find_dependency)
[2.038s]   CMakeLists.txt:12 (find_package)
[2.038s] 
[2.038s] [0m
[2.038s] -- Found Boost: /usr/include (found version "1.74.0") found components: python310 
[2.039s] -- Boost_PYTHON_LIBRARY: /usr/lib/x86_64-linux-gnu/libboost_python310.so
[2.433s] -- Default C++ standard: 201703
[2.433s] -- C++ standard sufficient: Minimal required 11, currently defined: 17
[2.433s] -- CMAKE_CXX_STANDARD was not set: automatically set to currently defined standard 17
[2.434s] -- hpp-fcl FOUND. hpp-fcl at /opt/ros/humble/lib/x86_64-linux-gnu/libhpp-fcl.so
[2.439s] -- Found Boost: /usr/include (found version "1.74.0") found components: chrono serialization 
[2.441s] -- C++ standard sufficient: Minimal required 11, currently defined: 17
[2.441s] -- C++ standard sufficient: Minimal required 11, currently defined: 17
[2.442s] -- Found ament_lint_auto: 0.12.10 (/opt/ros/humble/share/ament_lint_auto/cmake)
[2.577s] -- Added test 'cppcheck' to perform static code analysis on C / C++ code
[2.577s] -- Configured cppcheck include dirs: 
[2.578s] -- Configured cppcheck exclude dirs and/or files: 
[2.578s] -- Added test 'flake8' to check Python code syntax and style conventions
[2.580s] -- Added test 'lint_cmake' to check CMake code style
[2.581s] -- Added test 'pep257' to check Python code against some of the docstring style conventions in PEP 257
[2.587s] -- Added test 'uncrustify' to check C / C++ code style
[2.587s] -- Configured uncrustify additional arguments: 
[2.588s] -- Added test 'xmllint' to check XML markup files
[2.589s] -- Configuring done
[2.612s] -- Generating done
[2.616s] -- Build files have been written to: /home/adi/hum_rob_ws/build/six_dof
[2.700s] [ 50%] [32mBuilding CXX object CMakeFiles/test_node.dir/src/IK_test.cpp.o[0m
[6.496s] [100%] [32m[1mLinking CXX executable test_node[0m
[6.620s] /usr/bin/ld: /usr/lib/gcc/x86_64-linux-gnu/11/../../../x86_64-linux-gnu/Scrt1.o: in function `_start':
[6.620s] (.text+0x1b): undefined reference to `main'
[6.626s] collect2: error: ld returned 1 exit status
[6.631s] gmake[2]: *** [CMakeFiles/test_node.dir/build.make:155: test_node] Error 1
[6.632s] gmake[1]: *** [CMakeFiles/Makefile2:137: CMakeFiles/test_node.dir/all] Error 2
[6.632s] gmake: *** [Makefile:146: all] Error 2
[6.639s] Invoked command in '/home/adi/hum_rob_ws/build/six_dof' returned '2': CMAKE_PREFIX_PATH=/opt/ros/humble /usr/bin/cmake --build /home/adi/hum_rob_ws/build/six_dof -- -j16 -l16
