[0.000000] (-) TimerEvent: {}
[0.000813] (-) JobUnselected: {'identifier': 'four_dof'}
[0.000885] (-) JobUnselected: {'identifier': 'four_dof_bringup'}
[0.000927] (six_dof) JobQueued: {'identifier': 'six_dof', 'dependencies': OrderedDict()}
[0.001044] (six_dof) JobStarted: {'identifier': 'six_dof'}
[0.063751] (six_dof) JobProgress: {'identifier': 'six_dof', 'progress': 'cmake'}
[0.064211] (six_dof) JobProgress: {'identifier': 'six_dof', 'progress': 'build'}
[0.064854] (six_dof) Command: {'cmd': ['/usr/bin/cmake', '--build', '/home/adi/hum_rob_ws/build/six_dof', '--', '-j16', '-l16'], 'cwd': '/home/adi/hum_rob_ws/build/six_dof', 'env': OrderedDict([('GJS_DEBUG_TOPICS', 'JS ERROR;JS LOG'), ('LESSOPEN', '| /usr/bin/lesspipe %s'), ('USER', 'adi'), ('XDG_SESSION_TYPE', 'x11'), ('GIT_ASKPASS', '/usr/share/code/resources/app/extensions/git/dist/askpass.sh'), ('SHLVL', '1'), ('LD_LIBRARY_PATH', '/opt/ros/humble/opt/rviz_ogre_vendor/lib:/opt/ros/humble/lib/x86_64-linux-gnu:/opt/ros/humble/lib:/usr/local/cuda/lib64::/home/adi/Dev/Pangolin/build:/home/adi/Dev/Pangolin/build:/usr/local/lib'), ('HOME', '/home/adi'), ('CHROME_DESKTOP', 'code-url-handler.desktop'), ('CONDA_SHLVL', '0'), ('TERM_PROGRAM_VERSION', '1.86.2'), ('DESKTOP_SESSION', 'ubuntu'), ('GIO_LAUNCHED_DESKTOP_FILE', '/usr/share/applications/code.desktop'), ('ROS_PYTHON_VERSION', '3'), ('GNOME_SHELL_SESSION_MODE', 'ubuntu'), ('GTK_MODULES', 'gail:atk-bridge'), ('VSCODE_GIT_ASKPASS_MAIN', '/usr/share/code/resources/app/extensions/git/dist/askpass-main.js'), ('VSCODE_GIT_ASKPASS_NODE', '/usr/share/code/code'), ('MANAGERPID', '1651'), ('SYSTEMD_EXEC_PID', '1976'), ('DBUS_SESSION_BUS_ADDRESS', 'unix:path=/run/user/1000/bus'), ('COLORTERM', 'truecolor'), ('_CE_M', ''), ('GIO_LAUNCHED_DESKTOP_FILE_PID', '2627'), ('MANDATORY_PATH', '/usr/share/gconf/ubuntu.mandatory.path'), ('ROS_DISTRO', 'humble'), ('GTK_IM_MODULE', 'ibus'), ('LOGNAME', 'adi'), ('JOURNAL_STREAM', '8:25569'), ('_', '/usr/bin/colcon'), ('ROS_VERSION', '2'), ('XDG_SESSION_CLASS', 'user'), ('DEFAULTS_PATH', '/usr/share/gconf/ubuntu.default.path'), ('USERNAME', 'adi'), ('TERM', 'xterm-256color'), ('GNOME_DESKTOP_SESSION_ID', 'this-is-deprecated'), ('_CE_CONDA', ''), ('ROS_LOCALHOST_ONLY', '1'), ('WINDOWPATH', '2'), ('PATH', '/opt/ros/humble/bin:/usr/local/cuda/bin:/home/adi/anaconda3/condabin:/home/adi/.local/bin:/usr/local/sbin:/usr/local/bin:/usr/sbin:/usr/bin:/sbin:/bin:/usr/games:/usr/local/games:/snap/bin:/snap/bin:/opt/openrobots/bin'), ('SESSION_MANAGER', 'local/Memory:@/tmp/.ICE-unix/1957,unix/Memory:/tmp/.ICE-unix/1957'), ('INVOCATION_ID', '37cd5f2e92c841c194eeeae66c1c07c4'), ('XDG_MENU_PREFIX', 'gnome-'), ('XDG_RUNTIME_DIR', '/run/user/1000'), ('GDK_BACKEND', 'x11'), ('DISPLAY', ':1'), ('LANG', 'en_US.UTF-8'), ('XDG_CURRENT_DESKTOP', 'Unity'), ('XMODIFIERS', '@im=ibus'), ('XDG_SESSION_DESKTOP', 'ubuntu'), ('XAUTHORITY', '/run/user/1000/gdm/Xauthority'), ('LS_COLORS', 'rs=0:di=01;34:ln=01;36:mh=00:pi=40;33:so=01;35:do=01;35:bd=40;33;01:cd=40;33;01:or=40;31;01:mi=00:su=37;41:sg=30;43:ca=30;41:tw=30;42:ow=34;42:st=37;44:ex=01;32:*.tar=01;31:*.tgz=01;31:*.arc=01;31:*.arj=01;31:*.taz=01;31:*.lha=01;31:*.lz4=01;31:*.lzh=01;31:*.lzma=01;31:*.tlz=01;31:*.txz=01;31:*.tzo=01;31:*.t7z=01;31:*.zip=01;31:*.z=01;31:*.dz=01;31:*.gz=01;31:*.lrz=01;31:*.lz=01;31:*.lzo=01;31:*.xz=01;31:*.zst=01;31:*.tzst=01;31:*.bz2=01;31:*.bz=01;31:*.tbz=01;31:*.tbz2=01;31:*.tz=01;31:*.deb=01;31:*.rpm=01;31:*.jar=01;31:*.war=01;31:*.ear=01;31:*.sar=01;31:*.rar=01;31:*.alz=01;31:*.ace=01;31:*.zoo=01;31:*.cpio=01;31:*.7z=01;31:*.rz=01;31:*.cab=01;31:*.wim=01;31:*.swm=01;31:*.dwm=01;31:*.esd=01;31:*.jpg=01;35:*.jpeg=01;35:*.mjpg=01;35:*.mjpeg=01;35:*.gif=01;35:*.bmp=01;35:*.pbm=01;35:*.pgm=01;35:*.ppm=01;35:*.tga=01;35:*.xbm=01;35:*.xpm=01;35:*.tif=01;35:*.tiff=01;35:*.png=01;35:*.svg=01;35:*.svgz=01;35:*.mng=01;35:*.pcx=01;35:*.mov=01;35:*.mpg=01;35:*.mpeg=01;35:*.m2v=01;35:*.mkv=01;35:*.webm=01;35:*.webp=01;35:*.ogm=01;35:*.mp4=01;35:*.m4v=01;35:*.mp4v=01;35:*.vob=01;35:*.qt=01;35:*.nuv=01;35:*.wmv=01;35:*.asf=01;35:*.rm=01;35:*.rmvb=01;35:*.flc=01;35:*.avi=01;35:*.fli=01;35:*.flv=01;35:*.gl=01;35:*.dl=01;35:*.xcf=01;35:*.xwd=01;35:*.yuv=01;35:*.cgm=01;35:*.emf=01;35:*.ogv=01;35:*.ogx=01;35:*.aac=00;36:*.au=00;36:*.flac=00;36:*.m4a=00;36:*.mid=00;36:*.midi=00;36:*.mka=00;36:*.mp3=00;36:*.mpc=00;36:*.ogg=00;36:*.ra=00;36:*.wav=00;36:*.oga=00;36:*.opus=00;36:*.spx=00;36:*.xspf=00;36:'), ('VSCODE_GIT_IPC_HANDLE', '/run/user/1000/vscode-git-3b17749a21.sock'), ('TERM_PROGRAM', 'vscode'), ('SSH_AGENT_LAUNCHER', 'gnome-keyring'), ('SSH_AUTH_SOCK', '/run/user/1000/keyring/ssh'), ('ROS_DOMAIN_ID', '99'), ('AMENT_PREFIX_PATH', '/opt/ros/humble'), ('CONDA_PYTHON_EXE', '/home/adi/anaconda3/bin/python'), ('ORIGINAL_XDG_CURRENT_DESKTOP', 'ubuntu:GNOME'), ('SHELL', '/bin/bash'), ('QT_ACCESSIBILITY', '1'), ('GDMSESSION', 'ubuntu'), ('LESSCLOSE', '/usr/bin/lesspipe %s %s'), ('GPG_AGENT_INFO', '/run/user/1000/gnupg/S.gpg-agent:0:1'), ('GJS_DEBUG_OUTPUT', 'stderr'), ('VSCODE_GIT_ASKPASS_EXTRA_ARGS', ''), ('QT_IM_MODULE', 'ibus'), ('PWD', '/home/adi/hum_rob_ws/build/six_dof'), ('LC_ALL', 'en_US.UTF-8'), ('XDG_CONFIG_DIRS', '/etc/xdg/xdg-ubuntu:/etc/xdg'), ('CONDA_EXE', '/home/adi/anaconda3/bin/conda'), ('XDG_DATA_DIRS', '/usr/share/ubuntu:/usr/share/gnome:/usr/local/share/:/usr/share/:/var/lib/snapd/desktop'), ('PYTHONPATH', '/opt/ros/humble/lib/python3.10/site-packages:/opt/ros/humble/local/lib/python3.10/dist-packages'), ('COLCON', '1'), ('CMAKE_PREFIX_PATH', '/opt/ros/humble')]), 'shell': False}
[0.099656] (-) TimerEvent: {}
[0.109502] (six_dof) StdoutLine: {'line': b'-- Found ament_cmake: 1.3.7 (/opt/ros/humble/share/ament_cmake/cmake)\n'}
[0.200119] (-) TimerEvent: {}
[0.300493] (-) TimerEvent: {}
[0.335449] (six_dof) StdoutLine: {'line': b'-- Found Python3: /usr/bin/python3.10 (found version "3.10.12") found components: Interpreter \n'}
[0.400885] (-) TimerEvent: {}
[0.425567] (six_dof) StdoutLine: {'line': b'-- Override CMake install command with custom implementation using symlinks instead of copying resources\n'}
[0.431313] (six_dof) StdoutLine: {'line': b'-- Found rclcpp: 16.0.8 (/opt/ros/humble/share/rclcpp/cmake)\n'}
[0.458625] (six_dof) StdoutLine: {'line': b'-- Found rosidl_generator_c: 3.1.5 (/opt/ros/humble/share/rosidl_generator_c/cmake)\n'}
[0.460646] (six_dof) StdoutLine: {'line': b'-- Found rosidl_adapter: 3.1.5 (/opt/ros/humble/share/rosidl_adapter/cmake)\n'}
[0.465956] (six_dof) StdoutLine: {'line': b'-- Found rosidl_generator_cpp: 3.1.5 (/opt/ros/humble/share/rosidl_generator_cpp/cmake)\n'}
[0.476094] (six_dof) StdoutLine: {'line': b'-- Using all available rosidl_typesupport_c: rosidl_typesupport_fastrtps_c;rosidl_typesupport_introspection_c\n'}
[0.489446] (six_dof) StdoutLine: {'line': b'-- Using all available rosidl_typesupport_cpp: rosidl_typesupport_fastrtps_cpp;rosidl_typesupport_introspection_cpp\n'}
[0.501025] (-) TimerEvent: {}
[0.539696] (six_dof) StdoutLine: {'line': b'-- Found rmw_implementation_cmake: 6.1.1 (/opt/ros/humble/share/rmw_implementation_cmake/cmake)\n'}
[0.541020] (six_dof) StdoutLine: {'line': b'-- Found rmw_fastrtps_cpp: 6.2.6 (/opt/ros/humble/share/rmw_fastrtps_cpp/cmake)\n'}
[0.601143] (-) TimerEvent: {}
[0.683914] (six_dof) StdoutLine: {'line': b"-- Using RMW implementation 'rmw_fastrtps_cpp' as default\n"}
[0.701261] (-) TimerEvent: {}
[0.801610] (-) TimerEvent: {}
[0.818794] (six_dof) StdoutLine: {'line': b'-- Found rclpy: 3.3.11 (/opt/ros/humble/share/rclpy/cmake)\n'}
[0.819191] (six_dof) StdoutLine: {'line': b'-- pinocchio FOUND. pinocchio at /opt/ros/humble/lib/x86_64-linux-gnu/libpinocchio.so\n'}
[0.819712] (six_dof) StdoutLine: {'line': b'-- boost_filesystem FOUND. boost_filesystem at /lib/x86_64-linux-gnu/libboost_filesystem.so\n'}
[0.819992] (six_dof) StdoutLine: {'line': b'-- boost_serialization FOUND. boost_serialization at /lib/x86_64-linux-gnu/libboost_serialization.so\n'}
[0.820273] (six_dof) StdoutLine: {'line': b'-- boost_system FOUND. boost_system at /lib/x86_64-linux-gnu/libboost_system.so\n'}
[0.827341] (six_dof) StdoutLine: {'line': b'-- Found Boost: /usr/include (found version "1.74.0") found components: filesystem serialization system \n'}
[0.828188] (six_dof) StdoutLine: {'line': b'-- eigenpy FOUND. eigenpy at /opt/ros/humble/lib/x86_64-linux-gnu/libeigenpy.so\n'}
[0.901729] (-) TimerEvent: {}
[1.002099] (-) TimerEvent: {}
[1.102516] (-) TimerEvent: {}
[1.203257] (-) TimerEvent: {}
[1.303650] (-) TimerEvent: {}
[1.379996] (six_dof) StdoutLine: {'line': b'-- Found Python3: /usr/bin/python3.10 (found version "3.10.12") found components: Interpreter Development.Module NumPy \n'}
[1.380989] (six_dof) StdoutLine: {'line': b'-- PythonLibraryDirs: \n'}
[1.381227] (six_dof) StdoutLine: {'line': b'-- PythonLibVersionString: 3.10.12\n'}
[1.403767] (-) TimerEvent: {}
[1.456152] (six_dof) StdoutLine: {'line': b'-- Python site lib: lib/python3.10/dist-packages\n'}
[1.456402] (six_dof) StdoutLine: {'line': b'-- Python include dirs: /usr/include/python3.10\n'}
[1.503908] (-) TimerEvent: {}
[1.581427] (six_dof) StdoutLine: {'line': b'-- Checking for NumPy\n'}
[1.604036] (-) TimerEvent: {}
[1.704390] (-) TimerEvent: {}
[1.707258] (six_dof) StdoutLine: {'line': b'--   NUMPY_INCLUDE_DIRS=/usr/lib/python3/dist-packages/numpy/core/include\n'}
[1.804575] (-) TimerEvent: {}
[1.862132] (six_dof) StdoutLine: {'line': b'--   NUMPY_VERSION=1.21.5\n'}
[1.862522] (six_dof) StdoutLine: {'line': b'-- NumPy include dir: /usr/lib/python3/dist-packages/numpy/core/include\n'}
[1.871407] (six_dof) StderrLine: {'line': b'\x1b[33mCMake Warning at /usr/share/cmake-3.22/Modules/FindBoost.cmake:2201 (message):\n'}
[1.871734] (six_dof) StderrLine: {'line': b'  No header defined for python310; skipping header check (note: header-only\n'}
[1.871906] (six_dof) StderrLine: {'line': b'  libraries have no designated component)\n'}
[1.872101] (six_dof) StderrLine: {'line': b'Call Stack (most recent call first):\n'}
[1.872346] (six_dof) StderrLine: {'line': b'  /opt/ros/humble/lib/x86_64-linux-gnu/cmake/eigenpy/boost.cmake:144 (find_package)\n'}
[1.872512] (six_dof) StderrLine: {'line': b'  /opt/ros/humble/lib/x86_64-linux-gnu/cmake/eigenpy/eigenpyConfig.cmake:149 (SEARCH_FOR_BOOST_PYTHON)\n'}
[1.872712] (six_dof) StderrLine: {'line': b'  /usr/share/cmake-3.22/Modules/CMakeFindDependencyMacro.cmake:47 (find_package)\n'}
[1.872847] (six_dof) StderrLine: {'line': b'  /opt/ros/humble/lib/x86_64-linux-gnu/cmake/pinocchio/pinocchioConfig.cmake:160 (find_dependency)\n'}
[1.872967] (six_dof) StderrLine: {'line': b'  CMakeLists.txt:12 (find_package)\n'}
[1.873072] (six_dof) StderrLine: {'line': b'\n'}
[1.873224] (six_dof) StderrLine: {'line': b'\x1b[0m\n'}
[1.873340] (six_dof) StdoutLine: {'line': b'-- Found Boost: /usr/include (found version "1.74.0") found components: python310 \n'}
[1.873457] (six_dof) StdoutLine: {'line': b'-- Boost_PYTHON_LIBRARY: /usr/lib/x86_64-linux-gnu/libboost_python310.so\n'}
[1.904688] (-) TimerEvent: {}
[2.005034] (-) TimerEvent: {}
[2.105470] (-) TimerEvent: {}
[2.205854] (-) TimerEvent: {}
[2.244755] (six_dof) StdoutLine: {'line': b'-- Default C++ standard: 201703\n'}
[2.245062] (six_dof) StdoutLine: {'line': b'-- C++ standard sufficient: Minimal required 11, currently defined: 17\n'}
[2.245190] (six_dof) StdoutLine: {'line': b'-- CMAKE_CXX_STANDARD was not set: automatically set to currently defined standard 17\n'}
[2.245825] (six_dof) StdoutLine: {'line': b'-- hpp-fcl FOUND. hpp-fcl at /opt/ros/humble/lib/x86_64-linux-gnu/libhpp-fcl.so\n'}
[2.251065] (six_dof) StdoutLine: {'line': b'-- Found Boost: /usr/include (found version "1.74.0") found components: chrono serialization \n'}
[2.252239] (six_dof) StdoutLine: {'line': b'-- C++ standard sufficient: Minimal required 11, currently defined: 17\n'}
[2.252774] (six_dof) StdoutLine: {'line': b'-- C++ standard sufficient: Minimal required 11, currently defined: 17\n'}
[2.253362] (six_dof) StdoutLine: {'line': b'-- Found ament_lint_auto: 0.12.10 (/opt/ros/humble/share/ament_lint_auto/cmake)\n'}
[2.305993] (-) TimerEvent: {}
[2.370358] (six_dof) StdoutLine: {'line': b"-- Added test 'cppcheck' to perform static code analysis on C / C++ code\n"}
[2.370605] (six_dof) StdoutLine: {'line': b'-- Configured cppcheck include dirs: \n'}
[2.370745] (six_dof) StdoutLine: {'line': b'-- Configured cppcheck exclude dirs and/or files: \n'}
[2.370976] (six_dof) StdoutLine: {'line': b"-- Added test 'flake8' to check Python code syntax and style conventions\n"}
[2.371558] (six_dof) StdoutLine: {'line': b"-- Added test 'lint_cmake' to check CMake code style\n"}
[2.371955] (six_dof) StdoutLine: {'line': b"-- Added test 'pep257' to check Python code against some of the docstring style conventions in PEP 257\n"}
[2.374093] (six_dof) StdoutLine: {'line': b"-- Added test 'uncrustify' to check C / C++ code style\n"}
[2.374300] (six_dof) StdoutLine: {'line': b'-- Configured uncrustify additional arguments: \n'}
[2.374587] (six_dof) StdoutLine: {'line': b"-- Added test 'xmllint' to check XML markup files\n"}
[2.375360] (six_dof) StdoutLine: {'line': b'-- Configuring done\n'}
[2.384589] (six_dof) StdoutLine: {'line': b'-- Generating done\n'}
[2.386206] (six_dof) StdoutLine: {'line': b'-- Build files have been written to: /home/adi/hum_rob_ws/build/six_dof\n'}
[2.406113] (-) TimerEvent: {}
[2.435489] (six_dof) StdoutLine: {'line': b'\x1b[35m\x1b[1mConsolidate compiler generated dependencies of target test_node\x1b[0m\n'}
[2.495119] (six_dof) StdoutLine: {'line': b'[ 50%] \x1b[32mBuilding CXX object CMakeFiles/test_node.dir/src/IK_test.cpp.o\x1b[0m\n'}
[2.506252] (-) TimerEvent: {}
[2.576562] (six_dof) StderrLine: {'line': b'In file included from \x1b[01m\x1b[K/opt/ros/humble/include/pinocchio/fwd.hpp:23\x1b[m\x1b[K,\n'}
[2.576988] (six_dof) StderrLine: {'line': b'                 from \x1b[01m\x1b[K/home/adi/hum_rob_ws/src/six_dof/src/IK_test.cpp:1\x1b[m\x1b[K:\n'}
[2.577132] (six_dof) StderrLine: {'line': b'\x1b[01m\x1b[K/opt/ros/humble/include/pinocchio/utils/cast.hpp:8:10:\x1b[m\x1b[K \x1b[01;31m\x1b[Kfatal error: \x1b[m\x1b[KEigen/Core: No such file or directory\n'}
[2.577272] (six_dof) StderrLine: {'line': b'    8 | #include \x1b[01;31m\x1b[K<Eigen/Core>\x1b[m\x1b[K\n'}
[2.577412] (six_dof) StderrLine: {'line': b'      |          \x1b[01;31m\x1b[K^~~~~~~~~~~~\x1b[m\x1b[K\n'}
[2.577527] (six_dof) StderrLine: {'line': b'compilation terminated.\n'}
[2.578418] (six_dof) StderrLine: {'line': b'gmake[2]: *** [CMakeFiles/test_node.dir/build.make:76: CMakeFiles/test_node.dir/src/IK_test.cpp.o] Error 1\n'}
[2.578971] (six_dof) StderrLine: {'line': b'gmake[1]: *** [CMakeFiles/Makefile2:137: CMakeFiles/test_node.dir/all] Error 2\n'}
[2.579327] (six_dof) StderrLine: {'line': b'gmake: *** [Makefile:146: all] Error 2\n'}
[2.583797] (six_dof) CommandEnded: {'returncode': 2}
[2.606397] (-) TimerEvent: {}
[2.707138] (-) TimerEvent: {}
[2.763539] (six_dof) JobEnded: {'identifier': 'six_dof', 'rc': 2}
[2.774321] (-) EventReactorShutdown: {}
