[0.000000] (-) TimerEvent: {}
[0.000649] (-) JobUnselected: {'identifier': 'four_dof'}
[0.000817] (-) JobUnselected: {'identifier': 'four_dof_bringup'}
[0.000865] (six_dof) JobQueued: {'identifier': 'six_dof', 'dependencies': OrderedDict()}
[0.000904] (six_dof) JobStarted: {'identifier': 'six_dof'}
[0.098613] (-) TimerEvent: {}
[0.106688] (six_dof) JobProgress: {'identifier': 'six_dof', 'progress': 'cmake'}
[0.107484] (six_dof) JobProgress: {'identifier': 'six_dof', 'progress': 'build'}
[0.108411] (six_dof) Command: {'cmd': ['/usr/bin/cmake', '--build', '/home/adi/hum_rob_ws/build/six_dof', '--', '-j16', '-l16'], 'cwd': '/home/adi/hum_rob_ws/build/six_dof', 'env': OrderedDict([('GJS_DEBUG_TOPICS', 'JS ERROR;JS LOG'), ('LESSOPEN', '| /usr/bin/lesspipe %s'), ('USER', 'adi'), ('XDG_SESSION_TYPE', 'x11'), ('GIT_ASKPASS', '/usr/share/code/resources/app/extensions/git/dist/askpass.sh'), ('SHLVL', '1'), ('LD_LIBRARY_PATH', '/opt/ros/humble/opt/rviz_ogre_vendor/lib:/opt/ros/humble/lib/x86_64-linux-gnu:/opt/ros/humble/lib:/usr/local/cuda/lib64::/usr/local/lib'), ('HOME', '/home/adi'), ('CHROME_DESKTOP', 'code-url-handler.desktop'), ('CONDA_SHLVL', '0'), ('TERM_PROGRAM_VERSION', '1.86.2'), ('DESKTOP_SESSION', 'ubuntu'), ('GIO_LAUNCHED_DESKTOP_FILE', '/usr/share/applications/code.desktop'), ('ROS_PYTHON_VERSION', '3'), ('GNOME_SHELL_SESSION_MODE', 'ubuntu'), ('GTK_MODULES', 'gail:atk-bridge'), ('VSCODE_GIT_ASKPASS_MAIN', '/usr/share/code/resources/app/extensions/git/dist/askpass-main.js'), ('VSCODE_GIT_ASKPASS_NODE', '/usr/share/code/code'), ('MANAGERPID', '1651'), ('SYSTEMD_EXEC_PID', '1976'), ('DBUS_SESSION_BUS_ADDRESS', 'unix:path=/run/user/1000/bus'), ('COLORTERM', 'truecolor'), ('_CE_M', ''), ('GIO_LAUNCHED_DESKTOP_FILE_PID', '2627'), ('MANDATORY_PATH', '/usr/share/gconf/ubuntu.mandatory.path'), ('ROS_DISTRO', 'humble'), ('GTK_IM_MODULE', 'ibus'), ('LOGNAME', 'adi'), ('JOURNAL_STREAM', '8:25569'), ('_', '/usr/bin/colcon'), ('ROS_VERSION', '2'), ('XDG_SESSION_CLASS', 'user'), ('DEFAULTS_PATH', '/usr/share/gconf/ubuntu.default.path'), ('USERNAME', 'adi'), ('TERM', 'xterm-256color'), ('GNOME_DESKTOP_SESSION_ID', 'this-is-deprecated'), ('_CE_CONDA', ''), ('ROS_LOCALHOST_ONLY', '1'), ('WINDOWPATH', '2'), ('PATH', '/opt/ros/humble/bin:/usr/local/cuda/bin:/home/adi/anaconda3/condabin:/home/adi/.local/bin:/usr/local/sbin:/usr/local/bin:/usr/sbin:/usr/bin:/sbin:/bin:/usr/games:/usr/local/games:/snap/bin:/snap/bin'), ('SESSION_MANAGER', 'local/Memory:@/tmp/.ICE-unix/1957,unix/Memory:/tmp/.ICE-unix/1957'), ('INVOCATION_ID', '37cd5f2e92c841c194eeeae66c1c07c4'), ('XDG_MENU_PREFIX', 'gnome-'), ('XDG_RUNTIME_DIR', '/run/user/1000'), ('GDK_BACKEND', 'x11'), ('DISPLAY', ':1'), ('LANG', 'en_US.UTF-8'), ('XDG_CURRENT_DESKTOP', 'Unity'), ('XMODIFIERS', '@im=ibus'), ('XDG_SESSION_DESKTOP', 'ubuntu'), ('XAUTHORITY', '/run/user/1000/gdm/Xauthority'), ('LS_COLORS', 'rs=0:di=01;34:ln=01;36:mh=00:pi=40;33:so=01;35:do=01;35:bd=40;33;01:cd=40;33;01:or=40;31;01:mi=00:su=37;41:sg=30;43:ca=30;41:tw=30;42:ow=34;42:st=37;44:ex=01;32:*.tar=01;31:*.tgz=01;31:*.arc=01;31:*.arj=01;31:*.taz=01;31:*.lha=01;31:*.lz4=01;31:*.lzh=01;31:*.lzma=01;31:*.tlz=01;31:*.txz=01;31:*.tzo=01;31:*.t7z=01;31:*.zip=01;31:*.z=01;31:*.dz=01;31:*.gz=01;31:*.lrz=01;31:*.lz=01;31:*.lzo=01;31:*.xz=01;31:*.zst=01;31:*.tzst=01;31:*.bz2=01;31:*.bz=01;31:*.tbz=01;31:*.tbz2=01;31:*.tz=01;31:*.deb=01;31:*.rpm=01;31:*.jar=01;31:*.war=01;31:*.ear=01;31:*.sar=01;31:*.rar=01;31:*.alz=01;31:*.ace=01;31:*.zoo=01;31:*.cpio=01;31:*.7z=01;31:*.rz=01;31:*.cab=01;31:*.wim=01;31:*.swm=01;31:*.dwm=01;31:*.esd=01;31:*.jpg=01;35:*.jpeg=01;35:*.mjpg=01;35:*.mjpeg=01;35:*.gif=01;35:*.bmp=01;35:*.pbm=01;35:*.pgm=01;35:*.ppm=01;35:*.tga=01;35:*.xbm=01;35:*.xpm=01;35:*.tif=01;35:*.tiff=01;35:*.png=01;35:*.svg=01;35:*.svgz=01;35:*.mng=01;35:*.pcx=01;35:*.mov=01;35:*.mpg=01;35:*.mpeg=01;35:*.m2v=01;35:*.mkv=01;35:*.webm=01;35:*.webp=01;35:*.ogm=01;35:*.mp4=01;35:*.m4v=01;35:*.mp4v=01;35:*.vob=01;35:*.qt=01;35:*.nuv=01;35:*.wmv=01;35:*.asf=01;35:*.rm=01;35:*.rmvb=01;35:*.flc=01;35:*.avi=01;35:*.fli=01;35:*.flv=01;35:*.gl=01;35:*.dl=01;35:*.xcf=01;35:*.xwd=01;35:*.yuv=01;35:*.cgm=01;35:*.emf=01;35:*.ogv=01;35:*.ogx=01;35:*.aac=00;36:*.au=00;36:*.flac=00;36:*.m4a=00;36:*.mid=00;36:*.midi=00;36:*.mka=00;36:*.mp3=00;36:*.mpc=00;36:*.ogg=00;36:*.ra=00;36:*.wav=00;36:*.oga=00;36:*.opus=00;36:*.spx=00;36:*.xspf=00;36:'), ('VSCODE_GIT_IPC_HANDLE', '/run/user/1000/vscode-git-3b17749a21.sock'), ('TERM_PROGRAM', 'vscode'), ('SSH_AGENT_LAUNCHER', 'gnome-keyring'), ('SSH_AUTH_SOCK', '/run/user/1000/keyring/ssh'), ('ROS_DOMAIN_ID', '99'), ('AMENT_PREFIX_PATH', '/opt/ros/humble'), ('CONDA_PYTHON_EXE', '/home/adi/anaconda3/bin/python'), ('ORIGINAL_XDG_CURRENT_DESKTOP', 'ubuntu:GNOME'), ('SHELL', '/bin/bash'), ('QT_ACCESSIBILITY', '1'), ('GDMSESSION', 'ubuntu'), ('LESSCLOSE', '/usr/bin/lesspipe %s %s'), ('GPG_AGENT_INFO', '/run/user/1000/gnupg/S.gpg-agent:0:1'), ('GJS_DEBUG_OUTPUT', 'stderr'), ('VSCODE_GIT_ASKPASS_EXTRA_ARGS', ''), ('QT_IM_MODULE', 'ibus'), ('PWD', '/home/adi/hum_rob_ws/build/six_dof'), ('LC_ALL', 'en_US.UTF-8'), ('XDG_CONFIG_DIRS', '/etc/xdg/xdg-ubuntu:/etc/xdg'), ('CONDA_EXE', '/home/adi/anaconda3/bin/conda'), ('XDG_DATA_DIRS', '/usr/share/ubuntu:/usr/share/gnome:/usr/local/share/:/usr/share/:/var/lib/snapd/desktop'), ('PYTHONPATH', '/opt/ros/humble/lib/python3.10/site-packages:/opt/ros/humble/local/lib/python3.10/dist-packages'), ('COLCON', '1'), ('CMAKE_PREFIX_PATH', '/opt/ros/humble')]), 'shell': False}
[0.180313] (six_dof) StdoutLine: {'line': b'-- Found ament_cmake: 1.3.7 (/opt/ros/humble/share/ament_cmake/cmake)\n'}
[0.199046] (-) TimerEvent: {}
[0.299490] (-) TimerEvent: {}
[0.400026] (-) TimerEvent: {}
[0.500406] (-) TimerEvent: {}
[0.518205] (six_dof) StdoutLine: {'line': b'-- Found Python3: /usr/bin/python3.10 (found version "3.10.12") found components: Interpreter \n'}
[0.600567] (-) TimerEvent: {}
[0.636688] (six_dof) StdoutLine: {'line': b'-- Found rclcpp: 16.0.8 (/opt/ros/humble/share/rclcpp/cmake)\n'}
[0.700747] (-) TimerEvent: {}
[0.711260] (six_dof) StdoutLine: {'line': b'-- Found rosidl_generator_c: 3.1.5 (/opt/ros/humble/share/rosidl_generator_c/cmake)\n'}
[0.714797] (six_dof) StdoutLine: {'line': b'-- Found rosidl_adapter: 3.1.5 (/opt/ros/humble/share/rosidl_adapter/cmake)\n'}
[0.722957] (six_dof) StdoutLine: {'line': b'-- Found rosidl_generator_cpp: 3.1.5 (/opt/ros/humble/share/rosidl_generator_cpp/cmake)\n'}
[0.739096] (six_dof) StdoutLine: {'line': b'-- Using all available rosidl_typesupport_c: rosidl_typesupport_fastrtps_c;rosidl_typesupport_introspection_c\n'}
[0.760182] (six_dof) StdoutLine: {'line': b'-- Using all available rosidl_typesupport_cpp: rosidl_typesupport_fastrtps_cpp;rosidl_typesupport_introspection_cpp\n'}
[0.800891] (-) TimerEvent: {}
[0.839794] (six_dof) StdoutLine: {'line': b'-- Found rmw_implementation_cmake: 6.1.1 (/opt/ros/humble/share/rmw_implementation_cmake/cmake)\n'}
[0.841589] (six_dof) StdoutLine: {'line': b'-- Found rmw_fastrtps_cpp: 6.2.6 (/opt/ros/humble/share/rmw_fastrtps_cpp/cmake)\n'}
[0.901054] (-) TimerEvent: {}
[1.001502] (-) TimerEvent: {}
[1.056270] (six_dof) StdoutLine: {'line': b"-- Using RMW implementation 'rmw_fastrtps_cpp' as default\n"}
[1.101674] (-) TimerEvent: {}
[1.202188] (-) TimerEvent: {}
[1.273920] (six_dof) StdoutLine: {'line': b'-- Found rclpy: 3.3.11 (/opt/ros/humble/share/rclpy/cmake)\n'}
[1.274687] (six_dof) StdoutLine: {'line': b'-- pinocchio FOUND. pinocchio at /opt/ros/humble/lib/x86_64-linux-gnu/libpinocchio.so\n'}
[1.275459] (six_dof) StdoutLine: {'line': b'-- boost_filesystem FOUND. boost_filesystem at /lib/x86_64-linux-gnu/libboost_filesystem.so\n'}
[1.276080] (six_dof) StdoutLine: {'line': b'-- boost_serialization FOUND. boost_serialization at /lib/x86_64-linux-gnu/libboost_serialization.so\n'}
[1.276678] (six_dof) StdoutLine: {'line': b'-- boost_system FOUND. boost_system at /lib/x86_64-linux-gnu/libboost_system.so\n'}
[1.287745] (six_dof) StdoutLine: {'line': b'-- Found Boost: /usr/include (found version "1.74.0") found components: filesystem serialization system \n'}
[1.289081] (six_dof) StdoutLine: {'line': b'-- eigenpy FOUND. eigenpy at /opt/ros/humble/lib/x86_64-linux-gnu/libeigenpy.so\n'}
[1.302425] (-) TimerEvent: {}
[1.402866] (-) TimerEvent: {}
[1.503387] (-) TimerEvent: {}
[1.603898] (-) TimerEvent: {}
[1.704325] (-) TimerEvent: {}
[1.804826] (-) TimerEvent: {}
[1.905264] (-) TimerEvent: {}
[2.005667] (-) TimerEvent: {}
[2.040470] (six_dof) StdoutLine: {'line': b'-- Found Python3: /usr/bin/python3.10 (found version "3.10.12") found components: Interpreter Development.Module NumPy \n'}
[2.041895] (six_dof) StdoutLine: {'line': b'-- PythonLibraryDirs: \n'}
[2.042125] (six_dof) StdoutLine: {'line': b'-- PythonLibVersionString: 3.10.12\n'}
[2.105816] (-) TimerEvent: {}
[2.153669] (six_dof) StdoutLine: {'line': b'-- Python site lib: lib/python3.10/dist-packages\n'}
[2.153991] (six_dof) StdoutLine: {'line': b'-- Python include dirs: /usr/include/python3.10\n'}
[2.205968] (-) TimerEvent: {}
[2.306386] (-) TimerEvent: {}
[2.361237] (six_dof) StdoutLine: {'line': b'-- Checking for NumPy\n'}
[2.406561] (-) TimerEvent: {}
[2.507020] (-) TimerEvent: {}
[2.560278] (six_dof) StdoutLine: {'line': b'--   NUMPY_INCLUDE_DIRS=/usr/lib/python3/dist-packages/numpy/core/include\n'}
[2.607164] (-) TimerEvent: {}
[2.707561] (-) TimerEvent: {}
[2.751259] (six_dof) StdoutLine: {'line': b'--   NUMPY_VERSION=1.21.5\n'}
[2.751609] (six_dof) StdoutLine: {'line': b'-- NumPy include dir: /usr/lib/python3/dist-packages/numpy/core/include\n'}
[2.763222] (six_dof) StderrLine: {'line': b'\x1b[33mCMake Warning at /usr/share/cmake-3.22/Modules/FindBoost.cmake:2201 (message):\n'}
[2.763582] (six_dof) StderrLine: {'line': b'  No header defined for python310; skipping header check (note: header-only\n'}
[2.763804] (six_dof) StderrLine: {'line': b'  libraries have no designated component)\n'}
[2.763971] (six_dof) StderrLine: {'line': b'Call Stack (most recent call first):\n'}
[2.764125] (six_dof) StderrLine: {'line': b'  /opt/ros/humble/lib/x86_64-linux-gnu/cmake/eigenpy/boost.cmake:144 (find_package)\n'}
[2.764281] (six_dof) StderrLine: {'line': b'  /opt/ros/humble/lib/x86_64-linux-gnu/cmake/eigenpy/eigenpyConfig.cmake:149 (SEARCH_FOR_BOOST_PYTHON)\n'}
[2.764547] (six_dof) StderrLine: {'line': b'  /usr/share/cmake-3.22/Modules/CMakeFindDependencyMacro.cmake:47 (find_package)\n'}
[2.764707] (six_dof) StderrLine: {'line': b'  /opt/ros/humble/lib/x86_64-linux-gnu/cmake/pinocchio/pinocchioConfig.cmake:160 (find_dependency)\n'}
[2.764861] (six_dof) StderrLine: {'line': b'  CMakeLists.txt:12 (find_package)\n'}
[2.765015] (six_dof) StderrLine: {'line': b'\n'}
[2.765168] (six_dof) StderrLine: {'line': b'\x1b[0m\n'}
[2.765394] (six_dof) StdoutLine: {'line': b'-- Found Boost: /usr/include (found version "1.74.0") found components: python310 \n'}
[2.765567] (six_dof) StdoutLine: {'line': b'-- Boost_PYTHON_LIBRARY: /usr/lib/x86_64-linux-gnu/libboost_python310.so\n'}
[2.807787] (-) TimerEvent: {}
[2.908204] (-) TimerEvent: {}
[3.008621] (-) TimerEvent: {}
[3.109034] (-) TimerEvent: {}
[3.209492] (-) TimerEvent: {}
[3.255311] (six_dof) StdoutLine: {'line': b'-- Default C++ standard: 201703\n'}
[3.255764] (six_dof) StdoutLine: {'line': b'-- C++ standard sufficient: Minimal required 11, currently defined: 17\n'}
[3.255969] (six_dof) StdoutLine: {'line': b'-- CMAKE_CXX_STANDARD was not set: automatically set to currently defined standard 17\n'}
[3.258134] (six_dof) StdoutLine: {'line': b'-- hpp-fcl FOUND. hpp-fcl at /opt/ros/humble/lib/x86_64-linux-gnu/libhpp-fcl.so\n'}
[3.273279] (six_dof) StdoutLine: {'line': b'-- Found Boost: /usr/include (found version "1.74.0") found components: chrono serialization \n'}
[3.276883] (six_dof) StdoutLine: {'line': b'-- C++ standard sufficient: Minimal required 11, currently defined: 17\n'}
[3.278227] (six_dof) StdoutLine: {'line': b'-- C++ standard sufficient: Minimal required 11, currently defined: 17\n'}
[3.279812] (six_dof) StdoutLine: {'line': b'-- Found ament_lint_auto: 0.12.10 (/opt/ros/humble/share/ament_lint_auto/cmake)\n'}
[3.309609] (-) TimerEvent: {}
[3.410363] (-) TimerEvent: {}
[3.439408] (six_dof) StdoutLine: {'line': b"-- Added test 'cppcheck' to perform static code analysis on C / C++ code\n"}
[3.439930] (six_dof) StdoutLine: {'line': b'-- Configured cppcheck include dirs: \n'}
[3.440151] (six_dof) StdoutLine: {'line': b'-- Configured cppcheck exclude dirs and/or files: \n'}
[3.442879] (six_dof) StdoutLine: {'line': b"-- Added test 'flake8' to check Python code syntax and style conventions\n"}
[3.444928] (six_dof) StdoutLine: {'line': b"-- Added test 'lint_cmake' to check CMake code style\n"}
[3.446818] (six_dof) StdoutLine: {'line': b"-- Added test 'pep257' to check Python code against some of the docstring style conventions in PEP 257\n"}
[3.455174] (six_dof) StdoutLine: {'line': b"-- Added test 'uncrustify' to check C / C++ code style\n"}
[3.455524] (six_dof) StdoutLine: {'line': b'-- Configured uncrustify additional arguments: \n'}
[3.457065] (six_dof) StdoutLine: {'line': b"-- Added test 'xmllint' to check XML markup files\n"}
[3.459402] (six_dof) StdoutLine: {'line': b'-- Configuring done\n'}
[3.482843] (six_dof) StdoutLine: {'line': b'-- Generating done\n'}
[3.485518] (six_dof) StdoutLine: {'line': b'-- Build files have been written to: /home/adi/hum_rob_ws/build/six_dof\n'}
[3.510525] (-) TimerEvent: {}
[3.544943] (six_dof) StdoutLine: {'line': b'\x1b[35m\x1b[1mConsolidate compiler generated dependencies of target test_node\x1b[0m\n'}
[3.610244] (six_dof) StdoutLine: {'line': b'[ 50%] \x1b[32mBuilding CXX object CMakeFiles/test_node.dir/src/IK_test.cpp.o\x1b[0m\n'}
[3.610783] (-) TimerEvent: {}
[3.711122] (-) TimerEvent: {}
[3.811536] (-) TimerEvent: {}
[3.912072] (-) TimerEvent: {}
[4.012563] (-) TimerEvent: {}
[4.113019] (-) TimerEvent: {}
[4.213498] (-) TimerEvent: {}
[4.313995] (-) TimerEvent: {}
[4.414481] (-) TimerEvent: {}
[4.514965] (-) TimerEvent: {}
[4.615578] (-) TimerEvent: {}
[4.716067] (-) TimerEvent: {}
[4.816471] (-) TimerEvent: {}
[4.916879] (-) TimerEvent: {}
[5.017302] (-) TimerEvent: {}
[5.117737] (-) TimerEvent: {}
[5.218361] (-) TimerEvent: {}
[5.318797] (-) TimerEvent: {}
[5.419508] (-) TimerEvent: {}
[5.519990] (-) TimerEvent: {}
[5.620404] (-) TimerEvent: {}
[5.720816] (-) TimerEvent: {}
[5.821256] (-) TimerEvent: {}
[5.921681] (-) TimerEvent: {}
[6.022108] (-) TimerEvent: {}
[6.122556] (-) TimerEvent: {}
[6.222995] (-) TimerEvent: {}
[6.323766] (-) TimerEvent: {}
[6.424189] (-) TimerEvent: {}
[6.524545] (-) TimerEvent: {}
[6.624987] (-) TimerEvent: {}
[6.725392] (-) TimerEvent: {}
[6.825830] (-) TimerEvent: {}
[6.926243] (-) TimerEvent: {}
[7.026688] (-) TimerEvent: {}
[7.127068] (-) TimerEvent: {}
[7.227709] (-) TimerEvent: {}
[7.328083] (-) TimerEvent: {}
[7.428451] (-) TimerEvent: {}
[7.528827] (-) TimerEvent: {}
[7.591428] (six_dof) StderrLine: {'line': b'\x1b[01m\x1b[K/home/adi/hum_rob_ws/src/six_dof/src/IK_test.cpp:\x1b[m\x1b[K In function \xe2\x80\x98\x1b[01m\x1b[Kint main(int, char**)\x1b[m\x1b[K\xe2\x80\x99:\n'}
[7.591702] (six_dof) StderrLine: {'line': b'\x1b[01m\x1b[K/home/adi/hum_rob_ws/src/six_dof/src/IK_test.cpp:96:5:\x1b[m\x1b[K \x1b[01;31m\x1b[Kerror: \x1b[m\x1b[K\xe2\x80\x98\x1b[01m\x1b[KcomputeCollisions\x1b[m\x1b[K\xe2\x80\x99 was not declared in this scope\n'}
[7.591842] (six_dof) StderrLine: {'line': b'   96 |     \x1b[01;31m\x1b[KcomputeCollisions\x1b[m\x1b[K(model,data,collision_model,collision_data,q,false);\n'}
[7.591956] (six_dof) StderrLine: {'line': b'      |     \x1b[01;31m\x1b[K^~~~~~~~~~~~~~~~~\x1b[m\x1b[K\n'}
[7.608303] (six_dof) StderrLine: {'line': b'\x1b[01m\x1b[K/home/adi/hum_rob_ws/src/six_dof/src/IK_test.cpp:17:14:\x1b[m\x1b[K \x1b[01;35m\x1b[Kwarning: \x1b[m\x1b[Kunused parameter \xe2\x80\x98\x1b[01m\x1b[Kargc\x1b[m\x1b[K\xe2\x80\x99 [\x1b[01;35m\x1b[K\x1b]8;;https://gcc.gnu.org/onlinedocs/gcc/Warning-Options.html#index-Wunused-parameter\x07-Wunused-parameter\x1b]8;;\x07\x1b[m\x1b[K]\n'}
[7.608548] (six_dof) StderrLine: {'line': b'   17 | int main(\x1b[01;35m\x1b[Kint argc\x1b[m\x1b[K, char *argv[]) {\n'}
[7.608670] (six_dof) StderrLine: {'line': b'      |          \x1b[01;35m\x1b[K~~~~^~~~\x1b[m\x1b[K\n'}
[7.608782] (six_dof) StderrLine: {'line': b'\x1b[01m\x1b[K/home/adi/hum_rob_ws/src/six_dof/src/IK_test.cpp:17:26:\x1b[m\x1b[K \x1b[01;35m\x1b[Kwarning: \x1b[m\x1b[Kunused parameter \xe2\x80\x98\x1b[01m\x1b[Kargv\x1b[m\x1b[K\xe2\x80\x99 [\x1b[01;35m\x1b[K\x1b]8;;https://gcc.gnu.org/onlinedocs/gcc/Warning-Options.html#index-Wunused-parameter\x07-Wunused-parameter\x1b]8;;\x07\x1b[m\x1b[K]\n'}
[7.608913] (six_dof) StderrLine: {'line': b'   17 | int main(int argc, \x1b[01;35m\x1b[Kchar *argv[]\x1b[m\x1b[K) {\n'}
[7.609022] (six_dof) StderrLine: {'line': b'      |                    \x1b[01;35m\x1b[K~~~~~~^~~~~~\x1b[m\x1b[K\n'}
[7.628972] (-) TimerEvent: {}
[7.729340] (-) TimerEvent: {}
[7.829949] (-) TimerEvent: {}
[7.930317] (-) TimerEvent: {}
[8.030931] (-) TimerEvent: {}
[8.131548] (-) TimerEvent: {}
[8.232449] (-) TimerEvent: {}
[8.332816] (-) TimerEvent: {}
[8.433196] (-) TimerEvent: {}
[8.533574] (-) TimerEvent: {}
[8.633946] (-) TimerEvent: {}
[8.734318] (-) TimerEvent: {}
[8.834694] (-) TimerEvent: {}
[8.935067] (-) TimerEvent: {}
[9.035439] (-) TimerEvent: {}
[9.135809] (-) TimerEvent: {}
[9.236234] (-) TimerEvent: {}
[9.336626] (-) TimerEvent: {}
[9.437009] (-) TimerEvent: {}
[9.537942] (-) TimerEvent: {}
[9.638431] (-) TimerEvent: {}
[9.738925] (-) TimerEvent: {}
[9.839397] (-) TimerEvent: {}
[9.939777] (-) TimerEvent: {}
[10.040168] (-) TimerEvent: {}
[10.140539] (-) TimerEvent: {}
[10.240932] (-) TimerEvent: {}
[10.341301] (-) TimerEvent: {}
[10.441701] (-) TimerEvent: {}
[10.542096] (-) TimerEvent: {}
[10.642499] (-) TimerEvent: {}
[10.743381] (-) TimerEvent: {}
[10.843793] (-) TimerEvent: {}
[10.944166] (-) TimerEvent: {}
[11.044565] (-) TimerEvent: {}
[11.144951] (-) TimerEvent: {}
[11.245336] (-) TimerEvent: {}
[11.345710] (-) TimerEvent: {}
[11.446119] (-) TimerEvent: {}
[11.547054] (-) TimerEvent: {}
[11.647467] (-) TimerEvent: {}
[11.748102] (-) TimerEvent: {}
[11.848501] (-) TimerEvent: {}
[11.948882] (-) TimerEvent: {}
[12.049199] (-) TimerEvent: {}
[12.149530] (-) TimerEvent: {}
[12.249833] (-) TimerEvent: {}
[12.350149] (-) TimerEvent: {}
[12.450466] (-) TimerEvent: {}
[12.550768] (-) TimerEvent: {}
[12.651091] (-) TimerEvent: {}
[12.751417] (-) TimerEvent: {}
[12.851758] (-) TimerEvent: {}
[12.952065] (-) TimerEvent: {}
[13.052392] (-) TimerEvent: {}
[13.152709] (-) TimerEvent: {}
[13.253012] (-) TimerEvent: {}
[13.353329] (-) TimerEvent: {}
[13.453637] (-) TimerEvent: {}
[13.553954] (-) TimerEvent: {}
[13.654281] (-) TimerEvent: {}
[13.754597] (-) TimerEvent: {}
[13.854923] (-) TimerEvent: {}
[13.955227] (-) TimerEvent: {}
[14.055536] (-) TimerEvent: {}
[14.155874] (-) TimerEvent: {}
[14.256183] (-) TimerEvent: {}
[14.356475] (-) TimerEvent: {}
[14.456783] (-) TimerEvent: {}
[14.557079] (-) TimerEvent: {}
[14.657387] (-) TimerEvent: {}
[14.757701] (-) TimerEvent: {}
[14.858016] (-) TimerEvent: {}
[14.958386] (-) TimerEvent: {}
[15.058756] (-) TimerEvent: {}
[15.159303] (-) TimerEvent: {}
[15.259671] (-) TimerEvent: {}
[15.360061] (-) TimerEvent: {}
[15.460400] (-) TimerEvent: {}
[15.560770] (-) TimerEvent: {}
[15.661111] (-) TimerEvent: {}
[15.761481] (-) TimerEvent: {}
[15.861849] (-) TimerEvent: {}
[15.962225] (-) TimerEvent: {}
[16.062587] (-) TimerEvent: {}
[16.162960] (-) TimerEvent: {}
[16.263323] (-) TimerEvent: {}
[16.363717] (-) TimerEvent: {}
[16.464066] (-) TimerEvent: {}
[16.564423] (-) TimerEvent: {}
[16.664797] (-) TimerEvent: {}
[16.765172] (-) TimerEvent: {}
[16.865530] (-) TimerEvent: {}
[16.965896] (-) TimerEvent: {}
[17.066237] (-) TimerEvent: {}
[17.166798] (-) TimerEvent: {}
[17.267138] (-) TimerEvent: {}
[17.367511] (-) TimerEvent: {}
[17.467909] (-) TimerEvent: {}
[17.568324] (-) TimerEvent: {}
[17.668737] (-) TimerEvent: {}
[17.769152] (-) TimerEvent: {}
[17.869557] (-) TimerEvent: {}
[17.969954] (-) TimerEvent: {}
[18.070555] (-) TimerEvent: {}
[18.170960] (-) TimerEvent: {}
[18.271355] (-) TimerEvent: {}
[18.371768] (-) TimerEvent: {}
[18.472153] (-) TimerEvent: {}
[18.572565] (-) TimerEvent: {}
[18.672970] (-) TimerEvent: {}
[18.773374] (-) TimerEvent: {}
[18.873777] (-) TimerEvent: {}
[18.974192] (-) TimerEvent: {}
[19.074597] (-) TimerEvent: {}
[19.175004] (-) TimerEvent: {}
[19.275425] (-) TimerEvent: {}
[19.375979] (-) TimerEvent: {}
[19.476355] (-) TimerEvent: {}
[19.576722] (-) TimerEvent: {}
[19.677111] (-) TimerEvent: {}
[19.777510] (-) TimerEvent: {}
[19.877895] (-) TimerEvent: {}
[19.978532] (-) TimerEvent: {}
[20.079310] (-) TimerEvent: {}
[20.179953] (-) TimerEvent: {}
[20.184952] (six_dof) StderrLine: {'line': b'gmake[2]: *** [CMakeFiles/test_node.dir/build.make:76: CMakeFiles/test_node.dir/src/IK_test.cpp.o] Error 1\n'}
[20.185777] (six_dof) StderrLine: {'line': b'gmake[1]: *** [CMakeFiles/Makefile2:137: CMakeFiles/test_node.dir/all] Error 2\n'}
[20.186332] (six_dof) StderrLine: {'line': b'gmake: *** [Makefile:146: all] Error 2\n'}
[20.189425] (six_dof) CommandEnded: {'returncode': 2}
[20.280467] (-) TimerEvent: {}
[20.367865] (six_dof) JobEnded: {'identifier': 'six_dof', 'rc': 2}
[20.378288] (-) EventReactorShutdown: {}
