[35m[1mConsolidate compiler generated dependencies of target test_node[0m
[ 50%] [32mBuilding CXX object CMakeFiles/test_node.dir/src/IK_test.cpp.o[0m
[01m[K/home/adi/hum_rob_ws/src/six_dof/src/IK_test.cpp:[m[K In function â€˜[01m[Kint main()[m[Kâ€™:
[01m[K/home/adi/hum_rob_ws/src/six_dof/src/IK_test.cpp:99:9:[m[K [01;31m[Kerror: [m[Kâ€˜[01m[Kis_collision[m[Kâ€™ was not declared in this scope
   99 |     if ([01;31m[Kis_collision[m[K == false) {
      |         [01;31m[K^~~~~~~~~~~~[m[K
gmake[2]: *** [CMakeFiles/test_node.dir/build.make:76: CMakeFiles/test_node.dir/src/IK_test.cpp.o] Error 1
gmake[1]: *** [CMakeFiles/Makefile2:137: CMakeFiles/test_node.dir/all] Error 2
gmake: *** [Makefile:146: all] Error 2
