[0.152s] Invoking command in '/home/adi/hum_rob_ws/build/six_dof': CMAKE_PREFIX_PATH=${CMAKE_PREFIX_PATH}:/opt/ros/humble /usr/bin/cmake --build /home/adi/hum_rob_ws/build/six_dof -- -j16 -l16
[0.265s] [35m[1mConsolidate compiler generated dependencies of target test_node[0m
[0.347s] [ 50%] [32mBuilding CXX object CMakeFiles/test_node.dir/src/IK_test.cpp.o[0m
[5.875s] [01m[K/home/adi/hum_rob_ws/src/six_dof/src/IK_test.cpp:[m[K In function â€˜[01m[Kint main()[m[Kâ€™:
[5.875s] [01m[K/home/adi/hum_rob_ws/src/six_dof/src/IK_test.cpp:99:9:[m[K [01;31m[Kerror: [m[Kâ€˜[01m[Kis_collision[m[Kâ€™ was not declared in this scope
[5.875s]    99 |     if ([01;31m[Kis_collision[m[K == false) {
[5.875s]       |         [01;31m[K^~~~~~~~~~~~[m[K
[19.204s] gmake[2]: *** [CMakeFiles/test_node.dir/build.make:76: CMakeFiles/test_node.dir/src/IK_test.cpp.o] Error 1
[19.205s] gmake[1]: *** [CMakeFiles/Makefile2:137: CMakeFiles/test_node.dir/all] Error 2
[19.205s] gmake: *** [Makefile:146: all] Error 2
[19.208s] Invoked command in '/home/adi/hum_rob_ws/build/six_dof' returned '2': CMAKE_PREFIX_PATH=${CMAKE_PREFIX_PATH}:/opt/ros/humble /usr/bin/cmake --build /home/adi/hum_rob_ws/build/six_dof -- -j16 -l16
