[0.116s] Invoking command in '/home/adi/hum_rob_ws/build/six_dof': CMAKE_PREFIX_PATH=${CMAKE_PREFIX_PATH}:/opt/ros/humble /usr/bin/cmake --build /home/adi/hum_rob_ws/build/six_dof -- -j16 -l16
[0.150s] -- Found ament_cmake: 1.3.7 (/opt/ros/humble/share/ament_cmake/cmake)
[0.393s] -- Found Python3: /usr/bin/python3.10 (found version "3.10.12") found components: Interpreter 
[0.478s] -- Override CMake install command with custom implementation using symlinks instead of copying resources
[0.493s] -- Found rclcpp: 16.0.8 (/opt/ros/humble/share/rclcpp/cmake)
[0.533s] -- Found rosidl_generator_c: 3.1.5 (/opt/ros/humble/share/rosidl_generator_c/cmake)
[0.536s] -- Found rosidl_adapter: 3.1.5 (/opt/ros/humble/share/rosidl_adapter/cmake)
[0.544s] -- Found rosidl_generator_cpp: 3.1.5 (/opt/ros/humble/share/rosidl_generator_cpp/cmake)
[0.558s] -- Using all available rosidl_typesupport_c: rosidl_typesupport_fastrtps_c;rosidl_typesupport_introspection_c
[0.575s] -- Using all available rosidl_typesupport_cpp: rosidl_typesupport_fastrtps_cpp;rosidl_typesupport_introspection_cpp
[0.639s] -- Found rmw_implementation_cmake: 6.1.1 (/opt/ros/humble/share/rmw_implementation_cmake/cmake)
[0.640s] -- Found rmw_fastrtps_cpp: 6.2.6 (/opt/ros/humble/share/rmw_fastrtps_cpp/cmake)
[0.795s] -- Using RMW implementation 'rmw_fastrtps_cpp' as default
[0.949s] -- Found rclpy: 3.3.11 (/opt/ros/humble/share/rclpy/cmake)
[0.950s] -- pinocchio FOUND. pinocchio at /opt/ros/humble/lib/x86_64-linux-gnu/libpinocchio.so
[0.950s] -- boost_filesystem FOUND. boost_filesystem at /lib/x86_64-linux-gnu/libboost_filesystem.so
[0.951s] -- boost_serialization FOUND. boost_serialization at /lib/x86_64-linux-gnu/libboost_serialization.so
[0.952s] -- boost_system FOUND. boost_system at /lib/x86_64-linux-gnu/libboost_system.so
[0.962s] -- Found Boost: /usr/include (found version "1.74.0") found components: filesystem serialization system 
[0.963s] -- eigenpy FOUND. eigenpy at /opt/ros/humble/lib/x86_64-linux-gnu/libeigenpy.so
[1.505s] -- Found Python3: /usr/bin/python3.10 (found version "3.10.12") found components: Interpreter Development.Module NumPy 
[1.506s] -- PythonLibraryDirs: 
[1.506s] -- PythonLibVersionString: 3.10.12
[1.605s] -- Python site lib: lib/python3.10/dist-packages
[1.606s] -- Python include dirs: /usr/include/python3.10
[1.743s] -- Checking for NumPy
[1.876s] --   NUMPY_INCLUDE_DIRS=/usr/lib/python3/dist-packages/numpy/core/include
[1.999s] --   NUMPY_VERSION=1.21.5
[1.999s] -- NumPy include dir: /usr/lib/python3/dist-packages/numpy/core/include
[2.009s] [33mCMake Warning at /usr/share/cmake-3.22/Modules/FindBoost.cmake:2201 (message):
[2.009s]   No header defined for python310; skipping header check (note: header-only
[2.009s]   libraries have no designated component)
[2.009s] Call Stack (most recent call first):
[2.010s]   /opt/ros/humble/lib/x86_64-linux-gnu/cmake/eigenpy/boost.cmake:144 (find_package)
[2.010s]   /opt/ros/humble/lib/x86_64-linux-gnu/cmake/eigenpy/eigenpyConfig.cmake:149 (SEARCH_FOR_BOOST_PYTHON)
[2.010s]   /usr/share/cmake-3.22/Modules/CMakeFindDependencyMacro.cmake:47 (find_package)
[2.010s]   /opt/ros/humble/lib/x86_64-linux-gnu/cmake/pinocchio/pinocchioConfig.cmake:160 (find_dependency)
[2.011s]   CMakeLists.txt:12 (find_package)
[2.011s] 
[2.011s] [0m
[2.011s] -- Found Boost: /usr/include (found version "1.74.0") found components: python310 
[2.011s] -- Boost_PYTHON_LIBRARY: /usr/lib/x86_64-linux-gnu/libboost_python310.so
[2.370s] -- Default C++ standard: 201703
[2.370s] -- C++ standard sufficient: Minimal required 11, currently defined: 17
[2.370s] -- CMAKE_CXX_STANDARD was not set: automatically set to currently defined standard 17
[2.372s] -- hpp-fcl FOUND. hpp-fcl at /opt/ros/humble/lib/x86_64-linux-gnu/libhpp-fcl.so
[2.384s] -- Found Boost: /usr/include (found version "1.74.0") found components: chrono serialization 
[2.387s] -- C++ standard sufficient: Minimal required 11, currently defined: 17
[2.389s] -- C++ standard sufficient: Minimal required 11, currently defined: 17
[2.391s] -- Found ament_lint_auto: 0.12.10 (/opt/ros/humble/share/ament_lint_auto/cmake)
[2.494s] -- Added test 'cppcheck' to perform static code analysis on C / C++ code
[2.494s] -- Configured cppcheck include dirs: 
[2.494s] -- Configured cppcheck exclude dirs and/or files: 
[2.494s] -- Added test 'flake8' to check Python code syntax and style conventions
[2.495s] -- Added test 'lint_cmake' to check CMake code style
[2.496s] -- Added test 'pep257' to check Python code against some of the docstring style conventions in PEP 257
[2.498s] -- Added test 'uncrustify' to check C / C++ code style
[2.498s] -- Configured uncrustify additional arguments: 
[2.498s] -- Added test 'xmllint' to check XML markup files
[2.500s] -- Configuring done
[2.512s] -- Generating done
[2.514s] -- Build files have been written to: /home/adi/hum_rob_ws/build/six_dof
[2.549s] [35m[1mConsolidate compiler generated dependencies of target test_node[0m
[2.605s] [ 50%] [32mBuilding CXX object CMakeFiles/test_node.dir/src/IK_test.cpp.o[0m
[6.272s] [01m[K/home/adi/hum_rob_ws/src/six_dof/src/IK_test.cpp:[m[K In function â€˜[01m[Kint main(int, char**)[m[Kâ€™:
[6.272s] [01m[K/home/adi/hum_rob_ws/src/six_dof/src/IK_test.cpp:94:30:[m[K [01;31m[Kerror: [m[Kâ€˜[01m[KcomputeCollisions[m[Kâ€™ was not declared in this scope
[6.272s]    94 |     bool collision_detected= [01;31m[KcomputeCollisions[m[K(model,data,collision_model,collision_data,q,false);
[6.272s]       |                              [01;31m[K^~~~~~~~~~~~~~~~~[m[K
[6.281s] [01m[K/home/adi/hum_rob_ws/src/six_dof/src/IK_test.cpp:94:10:[m[K [01;35m[Kwarning: [m[Kunused variable â€˜[01m[Kcollision_detected[m[Kâ€™ [[01;35m[K]8;;https://gcc.gnu.org/onlinedocs/gcc/Warning-Options.html#index-Wunused-variable-Wunused-variable]8;;[m[K]
[6.281s]    94 |     bool [01;35m[Kcollision_detected[m[K= computeCollisions(model,data,collision_model,collision_data,q,false);
[6.281s]       |          [01;35m[K^~~~~~~~~~~~~~~~~~[m[K
[6.291s] [01m[K/home/adi/hum_rob_ws/src/six_dof/src/IK_test.cpp:17:14:[m[K [01;35m[Kwarning: [m[Kunused parameter â€˜[01m[Kargc[m[Kâ€™ [[01;35m[K]8;;https://gcc.gnu.org/onlinedocs/gcc/Warning-Options.html#index-Wunused-parameter-Wunused-parameter]8;;[m[K]
[6.291s]    17 | int main([01;35m[Kint argc[m[K, char *argv[]) {
[6.291s]       |          [01;35m[K~~~~^~~~[m[K
[6.291s] [01m[K/home/adi/hum_rob_ws/src/six_dof/src/IK_test.cpp:17:26:[m[K [01;35m[Kwarning: [m[Kunused parameter â€˜[01m[Kargv[m[Kâ€™ [[01;35m[K]8;;https://gcc.gnu.org/onlinedocs/gcc/Warning-Options.html#index-Wunused-parameter-Wunused-parameter]8;;[m[K]
[6.291s]    17 | int main(int argc, [01;35m[Kchar *argv[][m[K) {
[6.291s]       |                    [01;35m[K~~~~~~^~~~~~[m[K
[19.328s] gmake[2]: *** [CMakeFiles/test_node.dir/build.make:76: CMakeFiles/test_node.dir/src/IK_test.cpp.o] Error 1
[19.329s] gmake[1]: *** [CMakeFiles/Makefile2:137: CMakeFiles/test_node.dir/all] Error 2
[19.330s] gmake: *** [Makefile:146: all] Error 2
[19.333s] Invoked command in '/home/adi/hum_rob_ws/build/six_dof' returned '2': CMAKE_PREFIX_PATH=${CMAKE_PREFIX_PATH}:/opt/ros/humble /usr/bin/cmake --build /home/adi/hum_rob_ws/build/six_dof -- -j16 -l16
