[0.066s] Invoking command in '/home/adi/hum_rob_ws/build/six_dof': CMAKE_PREFIX_PATH=/opt/ros/humble /usr/bin/cmake --build /home/adi/hum_rob_ws/build/six_dof -- -j16 -l16
[0.109s] -- Found ament_cmake: 1.3.7 (/opt/ros/humble/share/ament_cmake/cmake)
[0.334s] -- Found Python3: /usr/bin/python3.10 (found version "3.10.12") found components: Interpreter 
[0.425s] -- Override CMake install command with custom implementation using symlinks instead of copying resources
[0.430s] -- Found rclcpp: 16.0.8 (/opt/ros/humble/share/rclcpp/cmake)
[0.458s] -- Found rosidl_generator_c: 3.1.5 (/opt/ros/humble/share/rosidl_generator_c/cmake)
[0.460s] -- Found rosidl_adapter: 3.1.5 (/opt/ros/humble/share/rosidl_adapter/cmake)
[0.465s] -- Found rosidl_generator_cpp: 3.1.5 (/opt/ros/humble/share/rosidl_generator_cpp/cmake)
[0.475s] -- Using all available rosidl_typesupport_c: rosidl_typesupport_fastrtps_c;rosidl_typesupport_introspection_c
[0.488s] -- Using all available rosidl_typesupport_cpp: rosidl_typesupport_fastrtps_cpp;rosidl_typesupport_introspection_cpp
[0.539s] -- Found rmw_implementation_cmake: 6.1.1 (/opt/ros/humble/share/rmw_implementation_cmake/cmake)
[0.540s] -- Found rmw_fastrtps_cpp: 6.2.6 (/opt/ros/humble/share/rmw_fastrtps_cpp/cmake)
[0.683s] -- Using RMW implementation 'rmw_fastrtps_cpp' as default
[0.818s] -- Found rclpy: 3.3.11 (/opt/ros/humble/share/rclpy/cmake)
[0.818s] -- pinocchio FOUND. pinocchio at /opt/ros/humble/lib/x86_64-linux-gnu/libpinocchio.so
[0.819s] -- boost_filesystem FOUND. boost_filesystem at /lib/x86_64-linux-gnu/libboost_filesystem.so
[0.819s] -- boost_serialization FOUND. boost_serialization at /lib/x86_64-linux-gnu/libboost_serialization.so
[0.819s] -- boost_system FOUND. boost_system at /lib/x86_64-linux-gnu/libboost_system.so
[0.827s] -- Found Boost: /usr/include (found version "1.74.0") found components: filesystem serialization system 
[0.827s] -- eigenpy FOUND. eigenpy at /opt/ros/humble/lib/x86_64-linux-gnu/libeigenpy.so
[1.379s] -- Found Python3: /usr/bin/python3.10 (found version "3.10.12") found components: Interpreter Development.Module NumPy 
[1.380s] -- PythonLibraryDirs: 
[1.380s] -- PythonLibVersionString: 3.10.12
[1.455s] -- Python site lib: lib/python3.10/dist-packages
[1.455s] -- Python include dirs: /usr/include/python3.10
[1.581s] -- Checking for NumPy
[1.706s] --   NUMPY_INCLUDE_DIRS=/usr/lib/python3/dist-packages/numpy/core/include
[1.861s] --   NUMPY_VERSION=1.21.5
[1.862s] -- NumPy include dir: /usr/lib/python3/dist-packages/numpy/core/include
[1.871s] [33mCMake Warning at /usr/share/cmake-3.22/Modules/FindBoost.cmake:2201 (message):
[1.871s]   No header defined for python310; skipping header check (note: header-only
[1.871s]   libraries have no designated component)
[1.871s] Call Stack (most recent call first):
[1.871s]   /opt/ros/humble/lib/x86_64-linux-gnu/cmake/eigenpy/boost.cmake:144 (find_package)
[1.872s]   /opt/ros/humble/lib/x86_64-linux-gnu/cmake/eigenpy/eigenpyConfig.cmake:149 (SEARCH_FOR_BOOST_PYTHON)
[1.872s]   /usr/share/cmake-3.22/Modules/CMakeFindDependencyMacro.cmake:47 (find_package)
[1.872s]   /opt/ros/humble/lib/x86_64-linux-gnu/cmake/pinocchio/pinocchioConfig.cmake:160 (find_dependency)
[1.872s]   CMakeLists.txt:12 (find_package)
[1.872s] 
[1.872s] [0m
[1.872s] -- Found Boost: /usr/include (found version "1.74.0") found components: python310 
[1.872s] -- Boost_PYTHON_LIBRARY: /usr/lib/x86_64-linux-gnu/libboost_python310.so
[2.244s] -- Default C++ standard: 201703
[2.244s] -- C++ standard sufficient: Minimal required 11, currently defined: 17
[2.244s] -- CMAKE_CXX_STANDARD was not set: automatically set to currently defined standard 17
[2.245s] -- hpp-fcl FOUND. hpp-fcl at /opt/ros/humble/lib/x86_64-linux-gnu/libhpp-fcl.so
[2.250s] -- Found Boost: /usr/include (found version "1.74.0") found components: chrono serialization 
[2.251s] -- C++ standard sufficient: Minimal required 11, currently defined: 17
[2.252s] -- C++ standard sufficient: Minimal required 11, currently defined: 17
[2.252s] -- Found ament_lint_auto: 0.12.10 (/opt/ros/humble/share/ament_lint_auto/cmake)
[2.369s] -- Added test 'cppcheck' to perform static code analysis on C / C++ code
[2.370s] -- Configured cppcheck include dirs: 
[2.370s] -- Configured cppcheck exclude dirs and/or files: 
[2.370s] -- Added test 'flake8' to check Python code syntax and style conventions
[2.371s] -- Added test 'lint_cmake' to check CMake code style
[2.371s] -- Added test 'pep257' to check Python code against some of the docstring style conventions in PEP 257
[2.373s] -- Added test 'uncrustify' to check C / C++ code style
[2.373s] -- Configured uncrustify additional arguments: 
[2.374s] -- Added test 'xmllint' to check XML markup files
[2.374s] -- Configuring done
[2.384s] -- Generating done
[2.385s] -- Build files have been written to: /home/adi/hum_rob_ws/build/six_dof
[2.435s] [35m[1mConsolidate compiler generated dependencies of target test_node[0m
[2.494s] [ 50%] [32mBuilding CXX object CMakeFiles/test_node.dir/src/IK_test.cpp.o[0m
[2.576s] In file included from [01m[K/opt/ros/humble/include/pinocchio/fwd.hpp:23[m[K,
[2.576s]                  from [01m[K/home/adi/hum_rob_ws/src/six_dof/src/IK_test.cpp:1[m[K:
[2.576s] [01m[K/opt/ros/humble/include/pinocchio/utils/cast.hpp:8:10:[m[K [01;31m[Kfatal error: [m[KEigen/Core: No such file or directory
[2.576s]     8 | #include [01;31m[K<Eigen/Core>[m[K
[2.576s]       |          [01;31m[K^~~~~~~~~~~~[m[K
[2.576s] compilation terminated.
[2.577s] gmake[2]: *** [CMakeFiles/test_node.dir/build.make:76: CMakeFiles/test_node.dir/src/IK_test.cpp.o] Error 1
[2.578s] gmake[1]: *** [CMakeFiles/Makefile2:137: CMakeFiles/test_node.dir/all] Error 2
[2.578s] gmake: *** [Makefile:146: all] Error 2
[2.583s] Invoked command in '/home/adi/hum_rob_ws/build/six_dof' returned '2': CMAKE_PREFIX_PATH=/opt/ros/humble /usr/bin/cmake --build /home/adi/hum_rob_ws/build/six_dof -- -j16 -l16
