[0.093s] Invoking command in '/home/adi/hum_rob_ws/build/six_dof': CMAKE_PREFIX_PATH=${CMAKE_PREFIX_PATH}:/opt/ros/humble /usr/bin/cmake --build /home/adi/hum_rob_ws/build/six_dof -- -j16 -l16
[0.171s] [35m[1mConsolidate compiler generated dependencies of target test_node[0m
[0.234s] [ 50%] [32mBuilding CXX object CMakeFiles/test_node.dir/src/IK_test.cpp.o[0m
[3.610s] [01m[K/home/adi/hum_rob_ws/src/six_dof/src/IK_test.cpp:[m[K In function â€˜[01m[Kint main(int, char**)[m[Kâ€™:
[3.611s] [01m[K/home/adi/hum_rob_ws/src/six_dof/src/IK_test.cpp:56:21:[m[K [01;31m[Kerror: [m[Kredeclaration of â€˜[01m[KEigen::VectorXd q[m[Kâ€™
[3.611s]    56 |     Eigen::VectorXd [01;31m[Kq[m[K = pinocchio::neutral(model);
[3.611s]       |                     [01;31m[K^[m[K
[3.611s] [01m[K/home/adi/hum_rob_ws/src/six_dof/src/IK_test.cpp:44:21:[m[K [01;36m[Knote: [m[Kâ€˜[01m[KEigen::VectorXd q[m[Kâ€™ previously declared here
[3.611s]    44 |     Eigen::VectorXd [01;36m[Kq[m[K = neutral(model);
[3.611s]       |                     [01;36m[K^[m[K
[3.721s] [01m[K/home/adi/hum_rob_ws/src/six_dof/src/IK_test.cpp:17:14:[m[K [01;35m[Kwarning: [m[Kunused parameter â€˜[01m[Kargc[m[Kâ€™ [[01;35m[K]8;;https://gcc.gnu.org/onlinedocs/gcc/Warning-Options.html#index-Wunused-parameter-Wunused-parameter]8;;[m[K]
[3.721s]    17 | int main([01;35m[Kint argc[m[K, char *argv[]) {
[3.721s]       |          [01;35m[K~~~~^~~~[m[K
[3.721s] [01m[K/home/adi/hum_rob_ws/src/six_dof/src/IK_test.cpp:17:26:[m[K [01;35m[Kwarning: [m[Kunused parameter â€˜[01m[Kargv[m[Kâ€™ [[01;35m[K]8;;https://gcc.gnu.org/onlinedocs/gcc/Warning-Options.html#index-Wunused-parameter-Wunused-parameter]8;;[m[K]
[3.722s]    17 | int main(int argc, [01;35m[Kchar *argv[][m[K) {
[3.722s]       |                    [01;35m[K~~~~~~^~~~~~[m[K
[3.912s] [01m[K/home/adi/hum_rob_ws/src/six_dof/src/IK_test.cpp:[m[K At global scope:
[3.912s] [01m[K/home/adi/hum_rob_ws/src/six_dof/src/IK_test.cpp:112:1:[m[K [01;31m[Kerror: [m[Kexpected declaration before â€˜[01m[K}[m[Kâ€™ token
[3.912s]   112 | [01;31m[K}[m[K
[3.913s]       | [01;31m[K^[m[K
[16.299s] gmake[2]: *** [CMakeFiles/test_node.dir/build.make:76: CMakeFiles/test_node.dir/src/IK_test.cpp.o] Error 1
[16.300s] gmake[1]: *** [CMakeFiles/Makefile2:137: CMakeFiles/test_node.dir/all] Error 2
[16.300s] gmake: *** [Makefile:146: all] Error 2
[16.305s] Invoked command in '/home/adi/hum_rob_ws/build/six_dof' returned '2': CMAKE_PREFIX_PATH=${CMAKE_PREFIX_PATH}:/opt/ros/humble /usr/bin/cmake --build /home/adi/hum_rob_ws/build/six_dof -- -j16 -l16
