[0.087s] Invoking command in '/home/adi/hum_rob_ws/build/six_dof': CMAKE_PREFIX_PATH=${CMAKE_PREFIX_PATH}:/opt/ros/humble /usr/bin/cmake --build /home/adi/hum_rob_ws/build/six_dof -- -j16 -l16
[0.175s] [35m[1mConsolidate compiler generated dependencies of target test_node[0m
[0.235s] [ 50%] [32mBuilding CXX object CMakeFiles/test_node.dir/src/IK_test.cpp.o[0m
[3.619s] [01m[K/home/adi/hum_rob_ws/src/six_dof/src/IK_test.cpp:[m[K In function â€˜[01m[Kint main(int, char**)[m[Kâ€™:
[3.619s] [01m[K/home/adi/hum_rob_ws/src/six_dof/src/IK_test.cpp:51:3:[m[K [01;31m[Kerror: [m[Kâ€˜[01m[KupdateGeometryPlacements[m[Kâ€™ was not declared in this scope
[3.619s]    51 |   [01;31m[KupdateGeometryPlacements[m[K(model, data, collision_model, collision_data);
[3.619s]       |   [01;31m[K^~~~~~~~~~~~~~~~~~~~~~~~[m[K
[3.629s] [01m[K/home/adi/hum_rob_ws/src/six_dof/src/IK_test.cpp:18:14:[m[K [01;35m[Kwarning: [m[Kunused parameter â€˜[01m[Kargc[m[Kâ€™ [[01;35m[K]8;;https://gcc.gnu.org/onlinedocs/gcc/Warning-Options.html#index-Wunused-parameter-Wunused-parameter]8;;[m[K]
[3.629s]    18 | int main([01;35m[Kint argc[m[K, char *argv[]) {
[3.629s]       |          [01;35m[K~~~~^~~~[m[K
[3.629s] [01m[K/home/adi/hum_rob_ws/src/six_dof/src/IK_test.cpp:18:26:[m[K [01;35m[Kwarning: [m[Kunused parameter â€˜[01m[Kargv[m[Kâ€™ [[01;35m[K]8;;https://gcc.gnu.org/onlinedocs/gcc/Warning-Options.html#index-Wunused-parameter-Wunused-parameter]8;;[m[K]
[3.630s]    18 | int main(int argc, [01;35m[Kchar *argv[][m[K) {
[3.630s]       |                    [01;35m[K~~~~~~^~~~~~[m[K
[9.848s] gmake[2]: *** [CMakeFiles/test_node.dir/build.make:76: CMakeFiles/test_node.dir/src/IK_test.cpp.o] Error 1
[9.849s] gmake[1]: *** [CMakeFiles/Makefile2:137: CMakeFiles/test_node.dir/all] Error 2
[9.849s] gmake: *** [Makefile:146: all] Error 2
[9.856s] Invoked command in '/home/adi/hum_rob_ws/build/six_dof' returned '2': CMAKE_PREFIX_PATH=${CMAKE_PREFIX_PATH}:/opt/ros/humble /usr/bin/cmake --build /home/adi/hum_rob_ws/build/six_dof -- -j16 -l16
