[33mCMake Warning at /usr/share/cmake-3.22/Modules/FindBoost.cmake:2201 (message):
  No header defined for python310; skipping header check (note: header-only
  libraries have no designated component)
Call Stack (most recent call first):
  /opt/ros/humble/lib/x86_64-linux-gnu/cmake/eigenpy/boost.cmake:144 (find_package)
  /opt/ros/humble/lib/x86_64-linux-gnu/cmake/eigenpy/eigenpyConfig.cmake:149 (SEARCH_FOR_BOOST_PYTHON)
  /usr/share/cmake-3.22/Modules/CMakeFindDependencyMacro.cmake:47 (find_package)
  /opt/ros/humble/lib/x86_64-linux-gnu/cmake/pinocchio/pinocchioConfig.cmake:160 (find_dependency)
  CMakeLists.txt:12 (find_package)

[0m
[01m[K/home/adi/hum_rob_ws/src/six_dof/src/IK_test.cpp:[m[K In function â€˜[01m[Kint main(int, char**)[m[Kâ€™:
[01m[K/home/adi/hum_rob_ws/src/six_dof/src/IK_test.cpp:47:14:[m[K [01;31m[Kerror: [m[Kâ€˜[01m[Kpinocchio::COLLISION[m[Kâ€™ is not a class, namespace, or enumeration
   47 |   pinocchio::[01;31m[KCOLLISION[m[K::c
      |              [01;31m[K^~~~~~~~~[m[K
[01m[K/home/adi/hum_rob_ws/src/six_dof/src/IK_test.cpp:72:41:[m[K [01;31m[Kerror: [m[Kâ€˜[01m[KJOINT_ID[m[Kâ€™ was not declared in this scope
   72 |     const pinocchio::SE3 iMd = data.oMi[[01;31m[KJOINT_ID[m[K].actInv(oMdes);
      |                                         [01;31m[K^~~~~~~~[m[K
[01m[K/home/adi/hum_rob_ws/src/six_dof/src/IK_test.cpp:17:14:[m[K [01;35m[Kwarning: [m[Kunused parameter â€˜[01m[Kargc[m[Kâ€™ [[01;35m[K]8;;https://gcc.gnu.org/onlinedocs/gcc/Warning-Options.html#index-Wunused-parameter-Wunused-parameter]8;;[m[K]
   17 | int main([01;35m[Kint argc[m[K, char *argv[]) {
      |          [01;35m[K~~~~^~~~[m[K
[01m[K/home/adi/hum_rob_ws/src/six_dof/src/IK_test.cpp:17:26:[m[K [01;35m[Kwarning: [m[Kunused parameter â€˜[01m[Kargv[m[Kâ€™ [[01;35m[K]8;;https://gcc.gnu.org/onlinedocs/gcc/Warning-Options.html#index-Wunused-parameter-Wunused-parameter]8;;[m[K]
   17 | int main(int argc, [01;35m[Kchar *argv[][m[K) {
      |                    [01;35m[K~~~~~~^~~~~~[m[K
gmake[2]: *** [CMakeFiles/test_node.dir/build.make:76: CMakeFiles/test_node.dir/src/IK_test.cpp.o] Error 1
gmake[1]: *** [CMakeFiles/Makefile2:137: CMakeFiles/test_node.dir/all] Error 2
gmake: *** [Makefile:146: all] Error 2
