[0.093s] Invoking command in '/home/adi/hum_rob_ws/build/six_dof': CMAKE_PREFIX_PATH=${CMAKE_PREFIX_PATH}:/opt/ros/humble /usr/bin/cmake /home/adi/hum_rob_ws/src/six_dof -DCMAKE_INSTALL_PREFIX=/home/adi/hum_rob_ws/install/six_dof
[0.128s] -- Found ament_cmake: 1.3.7 (/opt/ros/humble/share/ament_cmake/cmake)
[0.465s] -- Override CMake install command with custom implementation using symlinks instead of copying resources
[0.480s] -- Found rclcpp: 16.0.8 (/opt/ros/humble/share/rclcpp/cmake)
[0.517s] -- Found rosidl_generator_c: 3.1.5 (/opt/ros/humble/share/rosidl_generator_c/cmake)
[0.520s] -- Found rosidl_adapter: 3.1.5 (/opt/ros/humble/share/rosidl_adapter/cmake)
[0.528s] -- Found rosidl_generator_cpp: 3.1.5 (/opt/ros/humble/share/rosidl_generator_cpp/cmake)
[0.540s] -- Using all available rosidl_typesupport_c: rosidl_typesupport_fastrtps_c;rosidl_typesupport_introspection_c
[0.556s] -- Using all available rosidl_typesupport_cpp: rosidl_typesupport_fastrtps_cpp;rosidl_typesupport_introspection_cpp
[0.631s] -- Found rmw_implementation_cmake: 6.1.1 (/opt/ros/humble/share/rmw_implementation_cmake/cmake)
[0.633s] -- Found rmw_fastrtps_cpp: 6.2.6 (/opt/ros/humble/share/rmw_fastrtps_cpp/cmake)
[0.790s] -- Using RMW implementation 'rmw_fastrtps_cpp' as default
[0.935s] -- Found rclpy: 3.3.11 (/opt/ros/humble/share/rclpy/cmake)
[0.936s] -- pinocchio FOUND. pinocchio at /opt/ros/humble/lib/x86_64-linux-gnu/libpinocchio.so
[0.936s] -- boost_filesystem FOUND. boost_filesystem at /lib/x86_64-linux-gnu/libboost_filesystem.so
[0.937s] -- boost_serialization FOUND. boost_serialization at /lib/x86_64-linux-gnu/libboost_serialization.so
[0.937s] -- boost_system FOUND. boost_system at /lib/x86_64-linux-gnu/libboost_system.so
[0.947s] -- Found Boost: /usr/include (found version "1.74.0") found components: filesystem serialization system 
[0.948s] -- eigenpy FOUND. eigenpy at /opt/ros/humble/lib/x86_64-linux-gnu/libeigenpy.so
[1.511s] -- Found Python3: /usr/bin/python3.10 (found version "3.10.12") found components: Interpreter Development.Module NumPy 
[1.512s] -- PythonLibraryDirs: 
[1.512s] -- PythonLibVersionString: 3.10.12
[1.571s] -- Python site lib: lib/python3.10/dist-packages
[1.572s] -- Python include dirs: /usr/include/python3.10
[1.754s] -- Checking for NumPy
[1.881s] --   NUMPY_INCLUDE_DIRS=/usr/lib/python3/dist-packages/numpy/core/include
[2.018s] --   NUMPY_VERSION=1.21.5
[2.018s] -- NumPy include dir: /usr/lib/python3/dist-packages/numpy/core/include
[2.027s] [33mCMake Warning at /usr/share/cmake-3.22/Modules/FindBoost.cmake:2201 (message):
[2.028s]   No header defined for python310; skipping header check (note: header-only
[2.028s]   libraries have no designated component)
[2.028s] Call Stack (most recent call first):
[2.028s]   /opt/ros/humble/lib/x86_64-linux-gnu/cmake/eigenpy/boost.cmake:144 (find_package)
[2.029s]   /opt/ros/humble/lib/x86_64-linux-gnu/cmake/eigenpy/eigenpyConfig.cmake:149 (SEARCH_FOR_BOOST_PYTHON)
[2.029s]   /usr/share/cmake-3.22/Modules/CMakeFindDependencyMacro.cmake:47 (find_package)
[2.029s]   /opt/ros/humble/lib/x86_64-linux-gnu/cmake/pinocchio/pinocchioConfig.cmake:160 (find_dependency)
[2.029s]   CMakeLists.txt:12 (find_package)
[2.030s] 
[2.030s] [0m
[2.030s] -- Found Boost: /usr/include (found version "1.74.0") found components: python310 
[2.030s] -- Boost_PYTHON_LIBRARY: /usr/lib/x86_64-linux-gnu/libboost_python310.so
[2.378s] -- Default C++ standard: 201703
[2.379s] -- C++ standard sufficient: Minimal required 11, currently defined: 17
[2.379s] -- CMAKE_CXX_STANDARD was not set: automatically set to currently defined standard 17
[2.380s] -- hpp-fcl FOUND. hpp-fcl at /opt/ros/humble/lib/x86_64-linux-gnu/libhpp-fcl.so
[2.385s] -- Found Boost: /usr/include (found version "1.74.0") found components: chrono serialization 
[2.387s] -- C++ standard sufficient: Minimal required 11, currently defined: 17
[2.387s] -- C++ standard sufficient: Minimal required 11, currently defined: 17
[2.389s] -- Found ament_lint_auto: 0.12.10 (/opt/ros/humble/share/ament_lint_auto/cmake)
[2.490s] -- Added test 'cppcheck' to perform static code analysis on C / C++ code
[2.490s] -- Configured cppcheck include dirs: 
[2.490s] -- Configured cppcheck exclude dirs and/or files: 
[2.490s] -- Added test 'flake8' to check Python code syntax and style conventions
[2.491s] -- Added test 'lint_cmake' to check CMake code style
[2.491s] -- Added test 'pep257' to check Python code against some of the docstring style conventions in PEP 257
[2.494s] -- Added test 'uncrustify' to check C / C++ code style
[2.494s] -- Configured uncrustify additional arguments: 
[2.494s] -- Added test 'xmllint' to check XML markup files
[2.496s] -- Configuring done
[2.509s] -- Generating done
[2.510s] -- Build files have been written to: /home/adi/hum_rob_ws/build/six_dof
[2.519s] Invoked command in '/home/adi/hum_rob_ws/build/six_dof' returned '0': CMAKE_PREFIX_PATH=${CMAKE_PREFIX_PATH}:/opt/ros/humble /usr/bin/cmake /home/adi/hum_rob_ws/src/six_dof -DCMAKE_INSTALL_PREFIX=/home/adi/hum_rob_ws/install/six_dof
[2.523s] Invoking command in '/home/adi/hum_rob_ws/build/six_dof': CMAKE_PREFIX_PATH=${CMAKE_PREFIX_PATH}:/opt/ros/humble /usr/bin/cmake --build /home/adi/hum_rob_ws/build/six_dof -- -j16 -l16
[2.596s] [35m[1mConsolidate compiler generated dependencies of target test_node[0m
[2.672s] [ 50%] [32mBuilding CXX object CMakeFiles/test_node.dir/src/IK_test.cpp.o[0m
[6.147s] [01m[K/home/adi/hum_rob_ws/src/six_dof/src/IK_test.cpp:[m[K In function â€˜[01m[Kint main(int, char**)[m[Kâ€™:
[6.148s] [01m[K/home/adi/hum_rob_ws/src/six_dof/src/IK_test.cpp:47:14:[m[K [01;31m[Kerror: [m[Kâ€˜[01m[Kpinocchio::COLLISION[m[Kâ€™ is not a class, namespace, or enumeration
[6.148s]    47 |   pinocchio::[01;31m[KCOLLISION[m[K::c
[6.148s]       |              [01;31m[K^~~~~~~~~[m[K
[6.152s] [01m[K/home/adi/hum_rob_ws/src/six_dof/src/IK_test.cpp:72:41:[m[K [01;31m[Kerror: [m[Kâ€˜[01m[KJOINT_ID[m[Kâ€™ was not declared in this scope
[6.152s]    72 |     const pinocchio::SE3 iMd = data.oMi[[01;31m[KJOINT_ID[m[K].actInv(oMdes);
[6.153s]       |                                         [01;31m[K^~~~~~~~[m[K
[6.261s] [01m[K/home/adi/hum_rob_ws/src/six_dof/src/IK_test.cpp:17:14:[m[K [01;35m[Kwarning: [m[Kunused parameter â€˜[01m[Kargc[m[Kâ€™ [[01;35m[K]8;;https://gcc.gnu.org/onlinedocs/gcc/Warning-Options.html#index-Wunused-parameter-Wunused-parameter]8;;[m[K]
[6.261s]    17 | int main([01;35m[Kint argc[m[K, char *argv[]) {
[6.261s]       |          [01;35m[K~~~~^~~~[m[K
[6.262s] [01m[K/home/adi/hum_rob_ws/src/six_dof/src/IK_test.cpp:17:26:[m[K [01;35m[Kwarning: [m[Kunused parameter â€˜[01m[Kargv[m[Kâ€™ [[01;35m[K]8;;https://gcc.gnu.org/onlinedocs/gcc/Warning-Options.html#index-Wunused-parameter-Wunused-parameter]8;;[m[K]
[6.262s]    17 | int main(int argc, [01;35m[Kchar *argv[][m[K) {
[6.262s]       |                    [01;35m[K~~~~~~^~~~~~[m[K
[18.230s] gmake[2]: *** [CMakeFiles/test_node.dir/build.make:76: CMakeFiles/test_node.dir/src/IK_test.cpp.o] Error 1
[18.230s] gmake[1]: *** [CMakeFiles/Makefile2:137: CMakeFiles/test_node.dir/all] Error 2
[18.231s] gmake: *** [Makefile:146: all] Error 2
[18.236s] Invoked command in '/home/adi/hum_rob_ws/build/six_dof' returned '2': CMAKE_PREFIX_PATH=${CMAKE_PREFIX_PATH}:/opt/ros/humble /usr/bin/cmake --build /home/adi/hum_rob_ws/build/six_dof -- -j16 -l16
