[0.089s] Invoking command in '/home/adi/hum_rob_ws/build/six_dof': CMAKE_PREFIX_PATH=${CMAKE_PREFIX_PATH}:/opt/ros/humble /usr/bin/cmake --build /home/adi/hum_rob_ws/build/six_dof -- -j16 -l16
[0.182s] [35m[1mConsolidate compiler generated dependencies of target test_node[0m
[0.238s] [ 50%] [32mBuilding CXX object CMakeFiles/test_node.dir/src/IK_test.cpp.o[0m
[3.770s] [01m[K/home/adi/hum_rob_ws/src/six_dof/src/IK_test.cpp:[m[K In function â€˜[01m[Kint main(int, char**)[m[Kâ€™:
[3.771s] [01m[K/home/adi/hum_rob_ws/src/six_dof/src/IK_test.cpp:93:30:[m[K [01;31m[Kerror: [m[Kâ€˜[01m[KcomputeCollision[m[Kâ€™ was not declared in this scope
[3.771s]    93 |     bool collision_detected= [01;31m[KcomputeCollision[m[K(model,data,collision_model,collision_data,q,false);
[3.771s]       |                              [01;31m[K^~~~~~~~~~~~~~~~[m[K
[3.779s] [01m[K/home/adi/hum_rob_ws/src/six_dof/src/IK_test.cpp:93:10:[m[K [01;35m[Kwarning: [m[Kunused variable â€˜[01m[Kcollision_detected[m[Kâ€™ [[01;35m[K]8;;https://gcc.gnu.org/onlinedocs/gcc/Warning-Options.html#index-Wunused-variable-Wunused-variable]8;;[m[K]
[3.779s]    93 |     bool [01;35m[Kcollision_detected[m[K= computeCollision(model,data,collision_model,collision_data,q,false);
[3.779s]       |          [01;35m[K^~~~~~~~~~~~~~~~~~[m[K
[3.788s] [01m[K/home/adi/hum_rob_ws/src/six_dof/src/IK_test.cpp:18:14:[m[K [01;35m[Kwarning: [m[Kunused parameter â€˜[01m[Kargc[m[Kâ€™ [[01;35m[K]8;;https://gcc.gnu.org/onlinedocs/gcc/Warning-Options.html#index-Wunused-parameter-Wunused-parameter]8;;[m[K]
[3.789s]    18 | int main([01;35m[Kint argc[m[K, char *argv[]) {
[3.789s]       |          [01;35m[K~~~~^~~~[m[K
[3.789s] [01m[K/home/adi/hum_rob_ws/src/six_dof/src/IK_test.cpp:18:26:[m[K [01;35m[Kwarning: [m[Kunused parameter â€˜[01m[Kargv[m[Kâ€™ [[01;35m[K]8;;https://gcc.gnu.org/onlinedocs/gcc/Warning-Options.html#index-Wunused-parameter-Wunused-parameter]8;;[m[K]
[3.789s]    18 | int main(int argc, [01;35m[Kchar *argv[][m[K) {
[3.789s]       |                    [01;35m[K~~~~~~^~~~~~[m[K
[16.431s] gmake[2]: *** [CMakeFiles/test_node.dir/build.make:76: CMakeFiles/test_node.dir/src/IK_test.cpp.o] Error 1
[16.431s] gmake[1]: *** [CMakeFiles/Makefile2:137: CMakeFiles/test_node.dir/all] Error 2
[16.432s] gmake: *** [Makefile:146: all] Error 2
[16.438s] Invoked command in '/home/adi/hum_rob_ws/build/six_dof' returned '2': CMAKE_PREFIX_PATH=${CMAKE_PREFIX_PATH}:/opt/ros/humble /usr/bin/cmake --build /home/adi/hum_rob_ws/build/six_dof -- -j16 -l16
