[0.074s] Invoking command in '/home/adi/hum_rob_ws/build/six_dof': CMAKE_PREFIX_PATH=/opt/ros/humble /usr/bin/cmake --build /home/adi/hum_rob_ws/build/six_dof -- -j16 -l16
[0.106s] -- Found ament_cmake: 1.3.7 (/opt/ros/humble/share/ament_cmake/cmake)
[0.386s] -- Found Python3: /usr/bin/python3.10 (found version "3.10.12") found components: Interpreter 
[0.459s] -- Found rclcpp: 16.0.8 (/opt/ros/humble/share/rclcpp/cmake)
[0.520s] -- Found rosidl_generator_c: 3.1.5 (/opt/ros/humble/share/rosidl_generator_c/cmake)
[0.522s] -- Found rosidl_adapter: 3.1.5 (/opt/ros/humble/share/rosidl_adapter/cmake)
[0.531s] -- Found rosidl_generator_cpp: 3.1.5 (/opt/ros/humble/share/rosidl_generator_cpp/cmake)
[0.541s] -- Using all available rosidl_typesupport_c: rosidl_typesupport_fastrtps_c;rosidl_typesupport_introspection_c
[0.554s] -- Using all available rosidl_typesupport_cpp: rosidl_typesupport_fastrtps_cpp;rosidl_typesupport_introspection_cpp
[0.602s] -- Found rmw_implementation_cmake: 6.1.1 (/opt/ros/humble/share/rmw_implementation_cmake/cmake)
[0.603s] -- Found rmw_fastrtps_cpp: 6.2.6 (/opt/ros/humble/share/rmw_fastrtps_cpp/cmake)
[0.741s] -- Using RMW implementation 'rmw_fastrtps_cpp' as default
[0.872s] -- Found rclpy: 3.3.11 (/opt/ros/humble/share/rclpy/cmake)
[0.872s] -- pinocchio FOUND. pinocchio at /opt/ros/humble/lib/x86_64-linux-gnu/libpinocchio.so
[0.873s] -- boost_filesystem FOUND. boost_filesystem at /lib/x86_64-linux-gnu/libboost_filesystem.so
[0.873s] -- boost_serialization FOUND. boost_serialization at /lib/x86_64-linux-gnu/libboost_serialization.so
[0.873s] -- boost_system FOUND. boost_system at /lib/x86_64-linux-gnu/libboost_system.so
[0.880s] -- Found Boost: /usr/include (found version "1.74.0") found components: filesystem serialization system 
[0.881s] -- eigenpy FOUND. eigenpy at /opt/ros/humble/lib/x86_64-linux-gnu/libeigenpy.so
[1.367s] -- Found Python3: /usr/bin/python3.10 (found version "3.10.12") found components: Interpreter Development.Module NumPy 
[1.368s] -- PythonLibraryDirs: 
[1.369s] -- PythonLibVersionString: 3.10.12
[1.456s] -- Python site lib: lib/python3.10/dist-packages
[1.457s] -- Python include dirs: /usr/include/python3.10
[1.635s] -- Checking for NumPy
[1.751s] --   NUMPY_INCLUDE_DIRS=/usr/lib/python3/dist-packages/numpy/core/include
[1.901s] --   NUMPY_VERSION=1.21.5
[1.901s] -- NumPy include dir: /usr/lib/python3/dist-packages/numpy/core/include
[1.911s] [33mCMake Warning at /usr/share/cmake-3.22/Modules/FindBoost.cmake:2201 (message):
[1.911s]   No header defined for python310; skipping header check (note: header-only
[1.911s]   libraries have no designated component)
[1.911s] Call Stack (most recent call first):
[1.911s]   /opt/ros/humble/lib/x86_64-linux-gnu/cmake/eigenpy/boost.cmake:144 (find_package)
[1.912s]   /opt/ros/humble/lib/x86_64-linux-gnu/cmake/eigenpy/eigenpyConfig.cmake:149 (SEARCH_FOR_BOOST_PYTHON)
[1.912s]   /usr/share/cmake-3.22/Modules/CMakeFindDependencyMacro.cmake:47 (find_package)
[1.912s]   /opt/ros/humble/lib/x86_64-linux-gnu/cmake/pinocchio/pinocchioConfig.cmake:160 (find_dependency)
[1.912s]   CMakeLists.txt:12 (find_package)
[1.912s] 
[1.913s] [0m
[1.913s] -- Found Boost: /usr/include (found version "1.74.0") found components: python310 
[1.913s] -- Boost_PYTHON_LIBRARY: /usr/lib/x86_64-linux-gnu/libboost_python310.so
[2.272s] -- Default C++ standard: 201703
[2.273s] -- C++ standard sufficient: Minimal required 11, currently defined: 17
[2.273s] -- CMAKE_CXX_STANDARD was not set: automatically set to currently defined standard 17
[2.273s] -- hpp-fcl FOUND. hpp-fcl at /opt/ros/humble/lib/x86_64-linux-gnu/libhpp-fcl.so
[2.278s] -- Found Boost: /usr/include (found version "1.74.0") found components: chrono serialization 
[2.280s] -- C++ standard sufficient: Minimal required 11, currently defined: 17
[2.280s] -- C++ standard sufficient: Minimal required 11, currently defined: 17
[2.280s] -- Found ament_lint_auto: 0.12.10 (/opt/ros/humble/share/ament_lint_auto/cmake)
[2.415s] -- Added test 'cppcheck' to perform static code analysis on C / C++ code
[2.415s] -- Configured cppcheck include dirs: 
[2.415s] -- Configured cppcheck exclude dirs and/or files: 
[2.415s] -- Added test 'flake8' to check Python code syntax and style conventions
[2.416s] -- Added test 'lint_cmake' to check CMake code style
[2.417s] -- Added test 'pep257' to check Python code against some of the docstring style conventions in PEP 257
[2.420s] -- Added test 'uncrustify' to check C / C++ code style
[2.420s] -- Configured uncrustify additional arguments: 
[2.421s] -- Added test 'xmllint' to check XML markup files
[2.422s] -- Configuring done
[2.434s] -- Generating done
[2.435s] -- Build files have been written to: /home/adi/hum_rob_ws/build/six_dof
[2.508s] [ 50%] [32mBuilding CXX object CMakeFiles/test_node.dir/src/IK_test.cpp.o[0m
[2.609s] In file included from [01m[K/opt/ros/humble/include/pinocchio/fwd.hpp:23[m[K,
[2.609s]                  from [01m[K/opt/ros/humble/include/pinocchio/spatial/fwd.hpp:9[m[K,
[2.609s]                  from [01m[K/opt/ros/humble/include/pinocchio/multibody/model.hpp:9[m[K,
[2.609s]                  from [01m[K/opt/ros/humble/include/pinocchio/algorithm/joint-configuration.hpp:8[m[K,
[2.609s]                  from [01m[K/home/adi/hum_rob_ws/src/six_dof/src/IK_test.cpp:1[m[K:
[2.609s] [01m[K/opt/ros/humble/include/pinocchio/utils/cast.hpp:8:10:[m[K [01;31m[Kfatal error: [m[KEigen/Core: No such file or directory
[2.610s]     8 | #include [01;31m[K<Eigen/Core>[m[K
[2.610s]       |          [01;31m[K^~~~~~~~~~~~[m[K
[2.610s] compilation terminated.
[2.611s] gmake[2]: *** [CMakeFiles/test_node.dir/build.make:76: CMakeFiles/test_node.dir/src/IK_test.cpp.o] Error 1
[2.611s] gmake[1]: *** [CMakeFiles/Makefile2:137: CMakeFiles/test_node.dir/all] Error 2
[2.612s] gmake: *** [Makefile:146: all] Error 2
[2.615s] Invoked command in '/home/adi/hum_rob_ws/build/six_dof' returned '2': CMAKE_PREFIX_PATH=/opt/ros/humble /usr/bin/cmake --build /home/adi/hum_rob_ws/build/six_dof -- -j16 -l16
